4110
8200
1005
3817
7626
8587
1473
8941
4604
708
3563
8875
8801
2416
7596
3375
287
5583
3329
8160
5338
2944
1818
5933
9322
604
2455
9919
8991
9456
8817
2458
3489
5705
5521
1630
3172
3235
1265
1172
7500
4038
2086
9143
3265
2717
9157
2544
122
8526
4190
8802
6849
5355
7466
4991
7087
3386
1424
7546
4746
3014
9077
1628
9729
4685
9890
2925
25
7779
5036
7193
722
2976
7195
7465
8185
9336
4067
7192
5476
7369
9480
6819
2503
2871
6749
8588
8116
3356
9224
8824
6351
8615
1766
5216
2302
6556
8654
319
1823
1129
2695
5339
1504
6374
7953
9396
7884
2502
5623
6315
8353
8823
5283
1917
8417
2318
9061
2378
2087
9812
2533
8626
1788
4892
1936
3551
9807
6857
7069
5267
9049
4999
3917
3667
185
7900
6402
923
3215
8325
1826
910
258
4829
436
426
7132
5031
4924
5112
5858
5211
399
4816
1709
4070
6049
3832
2746
1248
5053
9313
9037
9248
2618
5755
9571
2291
3168
6261
6464
4551
8215
4417
1696
5955
7244
5902
8275
3416
1592
7764
12
6002
9302
2754
1765
2284
296
368
1946
9833
8856
3513
1418
3637
9133
3865
9639
2442
6430
5085
8531
8971
6622
5072
5895
5223
4377
8675
5096
4143
51
2524
2414
5252
1281
351
746
5803
3979
2955
639
2674
6275
3921
7386
6192
6803
5189
8702
3349
4778
5131
4268
4925
5846
3353
6311
7049
8527
946
403
9144
5394
9376
1976
4374
860
3452
1825
9473
279
4541
6181
9194
9676
8960
1744
7620
1197
7340
5027
4337
350
9876
6476
8752
7818
5481
6054
8861
3143
9096
3002
8757
1807
7525
852
1559
4978
7130
875
3273
3939
8143
6398
5235
8781
9172
6119
3244
582
4302
7754
7932
7312
1887
9787
7526
6255
3639
7566
4870
5376
3615
9664
9050
6299
4792
4662
3759
136
5751
8750
962
7991
2740
2019
4140
7749
9723
3712
4992
3654
9711
8333
4500
7712
4261
9654
3185
5562
4424
986
6991
3875
2563
9303
2858
2109
1079
5286
9338
1703
3022
6123
9782
571
3998
8927
9730
6274
5472
9134
2677
6354
7331
1086
1618
3039
1753
301
8641
4473
2207
9038
9731
3366
8069
4787
3557
2646
2528
5989
6487
9559
7203
9039
5419
1904
1407
8913
6668
6549
5233
625
8709
4309
197
4974
478
1392
9882
2494
5458
1895
4814
3789
482
8605
6408
2067
3355
7302
9922
9708
359
6858
5670
4736
3993
2537
8282
2593
1663
9146
377
7402
8032
2085
2887
943
3879
5260
129
2417
4161
2051
7493
9894
6249
3501
4031
5158
5762
7072
622
9511
5950
8059
6617
6572
5367
773
3661
3515
3514
6007
4330
8444
8562
2945
1383
5560
1874
5490
1888
7194
6657
3761
3460
2647
1439
2817
9145
710
6428
9842
3943
1328
4156
7563
4450
570
6503
8812
125
7082
6838
4593
9249
7643
3413
8256
8144
6950
6897
3470
6250
242
9745
6826
292
1752
2685
659
4980
6775
6104
2966
4755
6638
6247
8763
1928
73
6234
5987
3909
1428
2124
8978
3631
4243
1986
4237
3716
2462
1900
6403
2440
6776
1863
1038
209
1725
2709
5466
4595
1044
7885
9548
7093
4166
2150
8189
4046
9459
6629
8223
3590
8721
1518
7112
9691
8033
2633
9184
8879
2042
3219
2293
2637
9148
3647
3228
2993
2413
5861
8835
2872
1162
156
9323
5416
9864
1341
4288
3856
4649
2142
4283
6488
8736
3394
4968
2339
5368
6230
4975
2163
7015
6126
8070
9399
8952
7537
5843
9
818
1512
2097
6601
1314
2806
1905
504
781
7670
1903
1484
9108
2306
3061
2351
6830
998
2190
1906
1961
7966
5537
9909
6634
6258
7633
7298
4782
7185
6022
5327
1330
9655
145
4222
9464
5924
2125
2149
4554
9560
8175
1869
6635
8717
7910
6277
5864
3823
1556
425
5956
3100
160
9491
8134
6962
7475
4865
9549
1121
757
8594
2204
4981
2851
2174
2265
7412
4245
2025
4445
5527
1625
9097
6696
8494
9223
6648
2050
4248
9920
4249
1980
6295
3497
8480
9585
9502
6513
299
8022
7672
4027
7724
7070
806
1858
2488
8847
5817
9719
8703
9587
3963
6125
668
9656
8474
7200
4368
8646
9783
1007
4369
8008
3331
5188
6068
4815
3498
2128
4995
8439
2070
7710
8554
1851
5541
7476
3660
8792
3099
1261
4655
3398
7388
5308
5577
1855
3028
6757
9250
3675
7019
6573
62
7554
3159
344
7886
1287
6425
6108
9529
792
3749
8009
1813
3994
9732
9433
9204
1478
9881
5177
3938
719
8642
6630
2640
8495
9348
7632
3201
9520
61
7460
1160
9446
7743
8361
1240
2654
315
935
9481
1810
7928
2337
171
6117
8025
2491
2263
4371
8321
1286
2145
5830
3248
8397
6120
9645
2690
9052
2919
6662
4608
1257
5467
7151
6090
6672
933
1812
7016
5997
8872
404
1396
7144
268
239
2007
5690
7359
8392
4228
6292
1935
9700
6891
9843
6834
1301
9027
7348
6550
7638
953
9809
7372
9921
5407
1057
4979
2060
5309
950
3574
6038
1948
706
281
1732
4895
7286
7644
6074
464
8060
600
2947
7253
1931
8904
7992
1842
3518
1796
8684
1152
2897
3663
6179
8909
7666
592
8704
4030
2655
5713
993
5799
2074
1380
8276
7690
3564
9337
7058
9928
3402
9752
8505
3068
9758
9266
5509
6587
4784
9677
7929
8803
1693
3270
1860
2178
191
5724
6781
4653
8290
7744
5840
1938
9295
5703
4645
9085
8074
5888
1642
7606
9158
5507
1506
4917
7783
4460
4433
458
7094
7557
8726
422
1313
2645
3666
6673
8082
3800
7289
3843
9753
3682
4436
9620
7564
9225
5298
9720
7538
1535
1835
7973
8779
1290
9474
7986
8401
3973
8284
4262
3845
7791
5484
4136
1731
9640
5681
4173
8371
5354
5677
2818
5666
9472
1619
4734
8176
4856
2557
4840
103
6926
2032
3646
3925
210
9772
8574
3396
4872
1729
2198
7519
5650
585
8239
3995
1216
5202
7888
1805
6457
6626
2454
2157
9500
3051
6069
2049
9086
6537
5844
7867
1921
3778
4781
823
6566
9120
5598
3780
5240
1456
2543
2829
8017
1994
9022
6035
4771
496
5494
718
8177
4163
4394
6821
7040
2369
9226
2460
6793
6824
8458
7962
5903
1652
9849
787
9550
3851
6393
4349
8265
7979
1606
5249
7406
4375
4625
1187
8734
155
4582
45
6548
2283
131
8749
1475
6346
5988
6095
9820
4218
6683
8727
3739
7573
1837
7678
3391
1253
8026
1600
7073
8291
2276
9733
4529
7431
813
3129
2590
6677
1609
2175
9335
4029
8413
6203
1974
5092
9666
3220
5925
3077
558
4861
9822
1196
2574
9657
1028
2591
7495
6055
5334
8730
2960
9594
6579
3012
2611
5765
7872
2791
5692
4796
6107
541
8014
8627
2457
8873
2906
6694
9482
9503
6514
311
4461
6023
7627
1616
7095
9625
9646
64
8010
1474
2083
6707
507
2015
1770
3609
9823
2245
3
2531
5926
5404
7163
6502
8055
5307
1631
7432
7716
7091
1221
1793
6871
8247
1730
6533
6610
8891
8402
7831
6091
968
198
5818
8277
4390
9192
516
9195
4142
2793
3708
2581
6593
8190
1214
6061
1787
7096
4325
6166
5124
9784
8972
5587
7824
6839
1847
8363
6862
4186
7547
7639
4020
132
356
3575
845
2848
5269
2205
1132
3918
337
2084
387
9259
2915
2407
753
1676
2930
1185
4600
9016
6132
9432
8984
7033
9486
1551
7869
8710
2439
574
8512
2350
3520
435
215
2868
6339
3784
7793
9652
8543
5040
5718
9361
8285
7488
5845
6155
4775
5217
827
5073
5635
1930
1186
453
9040
7107
77
3089
1091
3981
6986
666
1147
1066
809
423
1896
5013
7426
9492
5082
988
5086
9384
3465
8874
4906
3510
3266
1850
7237
5936
9304
2687
3522
4650
6319
8737
6291
942
130
4949
1494
6443
5533
5337
3512
2374
3088
8278
5651
1634
7535
5874
6551
8292
5917
8541
4909
9401
8583
1419
3058
3448
6791
8124
2103
1416
1575
1982
5399
6664
7679
3816
3130
7713
8314
9201
6773
9796
5615
4428
8459
8431
6305
572
4099
7022
3833
5372
514
1882
3472
8573
3571
4601
2024
8194
4239
3923
681
2756
2361
5659
72
947
8765
8384
3404
6289
7926
8103
3362
4204
6615
1414
6972
8449
9005
1344
5314
2358
8286
1001
1526
8326
8819
4116
140
1524
6016
5800
7152
4797
1799
2737
4086
2478
4327
5514
4842
3642
7080
2894
3530
354
8250
5821
5807
2166
4083
9768
1872
5200
3636
8758
6193
9425
1415
2665
9883
3277
3052
623
3689
1306
6618
1519
4215
6156
5242
716
2058
5133
2601
7162
6608
8293
7329
8294
5918
1819
9910
5079
7808
8179
251
6708
3779
5582
3198
2745
1067
4780
3246
5329
3152
4236
4181
1377
3179
5726
5629
7857
1830
7188
179
8834
255
1775
6140
4223
9385
9561
395
4936
2189
8606
951
9483
2497
1722
8118
7597
6195
589
5519
8691
1516
7333
8848
1122
7755
765
7034
1995
8216
5838
8534
7013
4170
4638
7920
9692
6384
7323
7247
8852
7041
9346
2670
5591
1408
8445
1043
3992
240
3758
9850
375
8481
4408
6410
4050
5224
1560
6141
412
6561
5261
2021
6996
8066
9386
2379
545
9196
7555
186
8386
6534
7622
4308
8961
40
8178
2723
9377
7267
2750
6344
1199
7315
1564
8862
7223
9761
9911
1811
3956
9283
5331
3593
7865
2148
9779
5704
4001
5889
4219
7341
5588
3648
4511
2155
9017
1595
4107
4427
8393
4660
6732
7337
2995
5544
6872
7029
7835
6802
1176
9709
4959
2605
440
4602
2710
1868
4735
1072
8676
4323
7993
9028
7182
656
9762
3418
4055
920
9314
8045
1546
4332
9866
3683
1276
8825
1916
7780
3527
6724
4853
9369
6805
1557
5148
7781
2464
6032
4810
5798
4558
5037
6157
9530
2676
8199
2961
6853
670
5625
1768
3935
1438
5667
1454
4702
5828
9884
5349
348
7437
7025
2258
5437
904
7895
8475
5342
4047
1639
370
9422
8161
6741
9301
8380
6720
1267
8545
9675
661
2973
5810
1030
3534
175
5564
3677
4531
2168
9000
1264
1448
3352
3903
7392
2214
2838
4009
7849
7391
2702
7761
6162
4681
9746
808
9543
4201
2146
3741
9087
944
9848
2660
9231
4756
7101
5841
5709
8728
7017
3747
2610
8836
5268
2286
1870
747
303
8440
3400
1046
534
85
5974
3260
7634
5811
3872
3311
6651
8461
7652
7050
8655
5682
9641
8299
6567
8677
4193
5183
6466
3149
9388
2088
6379
5621
6037
3282
2986
180
1205
9878
7177
3929
7199
751
1514
8635
1322
5258
5757
1547
886
7308
5351
6048
7245
3321
6889
2934
1647
7540
1838
3619
4386
4379
707
2733
649
1401
3263
1019
840
217
5046
6480
1857
166
1303
7138
2883
491
1384
7213
2856
206
7691
6453
4567
6364
2715
1777
4114
2821
6765
3433
3096
1499
8071
8849
1614
6031
2510
8206
2299
9006
4480
2639
2310
6880
1694
8343
3296
1909
1014
3019
8846
8135
640
7574
8804
6215
5426
6314
6758
4550
9642
2427
4598
5736
5891
979
207
6227
3055
4791
593
6251
7343
6131
4477
5920
1596
7520
9267
4592
4546
7565
2797
6216
555
8058
5087
4056
5127
689
4298
6017
3769
7268
9912
4474
5463
146
546
3740
3532
8685
5044
8352
4656
8506
5805
6431
3454
6134
4697
4834
1537
4062
6278
5400
8162
2682
115
3628
9754
6137
379
5969
1503
6352
7751
6481
3467
4658
2514
9078
9721
4240
9232
5574
5768
7450
1736
5357
1749
1833
7077
5397
4423
4494
1673
6477
6832
7214
4713
6086
6751
4085
2589
4806
7844
2139
5197
4041
6892
3958
6465
2147
9551
220
9252
8446
6881
2327
4680
7006
7047
3469
5569
7137
5886
6763
8508
1443
4013
5219
1008
2371
4405
2474
9098
1450
774
9521
2977
1649
6396
9007
4631
5256
2233
8962
1332
6538
9227
4654
4766
1702
7233
2073
4882
7269
2035
7054
5995
8462
6934
2039
1149
6913
3249
8482
3819
421
1664
930
673
7427
4929
7580
9122
5921
1726
2405
4661
43
6283
1763
6100
5172
1000
8700
1761
1155
4521
6306
5930
2003
7805
1522
1324
8811
5149
7521
7701
6440
5796
8136
7980
6260
7171
4052
6411
2903
9686
1315
1444
517
3230
8827
1488
5725
487
9412
4579
7248
3137
5632
6003
5134
1952
2262
2896
4730
9088
1241
4580
4291
3900
687
8065
4961
5750
9014
2836
8464
8720
9015
7732
2882
2970
6369
7762
5978
392
5427
5622
5963
807
7974
590
4439
1960
3125
6590
4345
7438
2613
3940
6377
4133
4493
7062
7930
7239
4519
1192
5395
28
7608
9339
5045
6904
3868
9071
202
3118
527
2138
9621
484
4673
3495
6293
2700
1334
2179
5169
6290
8592
3638
2911
5220
6684
7527
2398
9205
8394
8535
286
9722
4931
4611
4343
408
7589
3207
8766
5113
1678
1230
6475
3587
4845
647
1740
6814
6252
9867
4887
7635
1360
1064
3729
1914
4976
1881
2518
4573
360
1356
1572
7230
6008
6562
9062
8560
2706
9597
4128
1662
6009
2208
1017
3714
4844
9018
1343
4552
4081
4575
6580
6654
7374
526
4063
3788
7878
5203
6797
7074
8915
69
1798
2878
135
4777
2688
5547
2196
4416
5979
6056
3919
8398
9183
1159
3093
5793
4712
5184
8317
2668
8985
260
9813
6312
7734
2792
6882
2732
7271
415
6515
2768
735
8885
3812
3964
5727
3431
6689
8028
9824
7196
32
5732
771
9573
6170
1021
3727
5322
5695
6070
7075
6101
5890
13
5761
6908
6421
4393
4555
1816
9008
6135
4342
9185
2940
6114
6163
6949
4124
5048
277
5270
1591
5696
9211
3153
400
9278
3134
9885
7108
1528
9930
2744
9504
627
420
5279
794
445
1510
800
2026
5287
1020
8671
2922
4414
9360
177
4533
1304
1234
5015
148
5159
3523
2736
5179
6928
1776
1802
7285
3473
1719
6494
4024
365
8163
4910
2016
402
8364
867
75
9159
6150
7299
4035
1859
7811
7334
3699
4044
8465
1910
3374
8423
8522
5207
7656
7179
7504
2584
5999
3456
2056
2516
1433
9305
8570
5636
3119
7880
6237
9512
5390
1076
6619
2885
2862
7965
1349
1127
5652
4397
6093
6194
769
2902
8805
6211
8496
9320
8046
9063
2347
7389
3494
7304
7963
7030
2372
4451
8953
1235
3206
712
9739
8300
307
6
9532
1139
5032
5204
2920
9581
9418
9608
3859
4
7416
3253
3435
9510
7833
8020
8038
6737
7680
7894
8656
3612
6265
1379
2081
5281
5386
5081
346
1082
8944
608
8351
3247
4914
4534
5297
9197
1078
4238
4704
3876
5771
3707
1143
9423
2760
3839
4719
602
8047
6226
4502
6987
8493
5017
824
7952
1348
2889
1024
3255
2765
8970
5668
3371
963
9814
4453
9588
928
6753
4761
8636
9296
8424
9217
9667
1558
1367
885
3409
8460
4512
8195
9041
3256
7349
6935
6705
1191
677
6168
5002
6979
2551
7942
3786
1178
5038
4457
6444
9253
2242
4692
7121
9747
2426
6639
8407
9679
5078
6327
3936
8963
4833
8900
4006
2048
7178
9665
5619
7109
4370
4447
1346
9417
9170
7314
9127
937
2867
8867
6764
6427
2978
3195
8318
755
7628
7102
5618
6094
6297
3882
6811
3250
8973
4490
1138
2713
5898
8007
3457
1599
5563
9484
9574
1683
5738
7542
3303
5324
6954
7858
5551
1493
9264
3156
1670
5035
4800
6516
3811
2472
8507
3287
6080
2484
1070
2285
1455
6698
1393
2362
7065
6535
2679
7747
7335
372
1378
1022
3073
6365
4739
3775
4313
9552
4257
9448
954
6124
4664
2864
8536
2959
6136
5743
8946
3857
6178
8024
1962
4348
7825
5911
7246
4542
3738
2777
914
2260
6401
4080
8761
3367
1055
4100
9815
1970
7636
9340
7745
8759
8683
4425
1695
9886
6004
9852
3848
4818
564
4078
3043
4367
9010
9863
2250
9647
9887
7769
468
187
2629
8034
1476
8497
7692
6115
3880
9744
5054
5429
1568
4729
3849
7165
3623
2788
8328
3237
7868
5637
1489
4301
2716
9393
4138
7774
9413
8170
8760
2135
1797
2567
6347
6806
3390
6685
9895
9031
1047
7255
3254
9522
6348
7969
1123
9643
5058
830
4948
2104
8863
3293
7536
9397
3417
7316
3010
8279
4896
101
782
5594
7456
3732
3071
2493
5948
7277
8593
2011
1026
6447
5060
1430
5212
8425
4839
8257
114
8434
2226
2815
6018
5733
6893
7360
1692
467
1553
1427
3240
9913
8372
2886
4157
4921
3479
2512
663
6241
6815
8334
9475
9209
7994
1862
1307
24
8335
8441
5288
1594
1065
6865
3429
631
142
3926
4952
4225
276
7763
8412
9325
2698
3598
8711
8030
5688
4476
6721
1347
5129
2874
8974
8948
7300
6886
8171
2333
5896
6235
4518
6288
2045
6485
730
5700
5943
8302
8227
1940
6127
6686
7765
2790
7317
5855
3225
9358
3678
3658
9868
2681
7717
4566
9763
6360
2506
1550
391
5318
2463
1988
4401
4134
4229
740
1170
8295
6712
2534
3082
785
4563
579
1708
3509
4919
3922
2065
842
1873
1604
5774
8344
3531
1406
4410
3300
1898
9631
6911
7799
8303
4699
8731
6647
5011
7272
6399
8090
1486
1045
4628
691
7601
7413
6678
9527
4984
4484
1532
5103
547
2365
9280
9680
6333
317
4117
9509
9494
5899
2221
5556
8986
2789
9281
5128
7224
5789
1615
5316
7433
7125
796
1442
839
1483
918
8137
6539
5723
7035
8993
6792
8315
5775
9869
2663
1771
6929
6709
9449
9368
3144
1465
9476
8743
2470
9541
7099
2830
9424
5944
2294
4475
2244
3896
7684
3771
3686
9547
41
3042
3802
6557
5633
3565
3081
8643
6044
3124
5104
9147
1997
725
3181
6366
6784
8087
8316
3182
2232
1302
6065
8447
49
3613
6321
7240
9326
3239
2879
4108
9572
7119
6394
6875
4911
1745
6217
5966
5676
4454
2952
7733
8756
4145
3056
7901
9240
3634
2898
1832
4667
2870
8644
8240
5836
5433
8931
4883
4651
5515
208
9169
3735
5105
4431
1246
1140
3021
2099
9206
5176
7514
6699
5496
4547
529
7559
451
675
2747
9632
5849
7996
3737
7943
3577
211
7602
2615
7931
626
9838
1829
2267
3439
6416
2118
5984
3434
3184
4963
5915
4597
5320
1607
6279
1154
3828
7187
2918
7076
1623
1233
2841
8400
3430
3645
5897
7181
4093
9672
56
6218
4259
537
2000
2383
471
8048
6948
4459
7971
87
4207
3146
6482
1319
5121
7675
7746
2595
9436
4897
5706
9914
1145
6103
5990
4930
196
6066
3106
170
5440
9694
6138
7354
4276
1883
948
5714
9260
9790
6478
6429
7806
8528
7489
6169
7934
900
4779
5311
1574
9659
5769
3977
6733
4946
6574
6905
8623
4893
2202
9403
4267
7728
7975
8469
9888
150
5835
8916
7260
6240
4202
3704
3659
1877
7904
1470
2473
1258
4908
7964
492
452
1704
3104
2382
9343
3772
2671
9378
9160
8104
4985
5432
7319
4000
8837
8744
9284
6642
5164
6931
896
4958
5083
5471
4738
438
2738
3794
2758
8806
4175
8598
7420
5975
752
5375
603
9420
3650
339
6643
5660
8607
3897
2215
1012
128
4101
843
2001
3920
8138
9817
5992
1636
3122
637
5772
3676
1721
2499
4794
871
8604
3294
7961
6540
2924
890
7439
2391
1808
8254
4442
219
3368
8172
7407
6754
6898
2763
9257
7183
2068
1084
8155
5867
9609
3840
7859
2904
1804
5788
7702
4901
1691
5041
8130
397
9553
6890
2235
8301
3155
916
6955
3862
4057
5819
7562
8680
9681
3878
7827
5147
1945
9199
8049
5993
8209
8901
3054
2446
23
577
6242
3242
2158
4616
4528
1496
7581
8399
2755
2835
2489
3719
9306
5578
8523
5464
4306
5117
6900
7944
3635
8857
252
3491
6498
7423
7424
3967
2213
3033
9268
2192
5289
9554
4773
1756
2538
909
6883
8864
4750
8767
5206
4881
6382
5981
4458
6197
7982
8244
9349
8745
2523
8432
2037
6983
7393
2415
715
801
6774
560
6591
9523
8093
4731
8414
731
9923
7967
738
2917
1864
9931
4265
7794
8319
7599
8021
3709
7276
5641
5664
3133
3340
6362
2241
3029
9019
4271
5039
6752
8820
9896
456
3297
7645
7987
3583
3524
4994
6687
5251
1795
7378
5728
9495
5332
1293
3806
4859
274
6334
4696
9897
9682
7737
7256
2131
9356
2666
3668
3585
2576
1089
2036
9505
3095
4074
6545
1124
3988
8262
6116
3596
5456
9563
2280
1148
1689
6504
3344
8994
5546
2617
497
199
1311
2931
9485
8902
4152
8705
5631
3231
9212
8146
4927
1094
2857
2340
9853
7158
7290
2651
7655
720
2429
6047
7550
7810
2209
8029
4357
6460
7935
1502
5910
9175
7216
2411
703
6200
4097
5543
1146
5139
1646
2899
3500
9051
3007
1292
6611
8061
3710
6816
6822
6509
3462
1422
8419
7217
2346
2140
2556
7201
9066
8336
6171
1119
8073
6368
5359
3070
5106
9701
1202
6734
5744
3131
1508
1856
3120
3799
9854
3881
9506
1338
2076
6349
7197
8054
8368
6767
1110
361
2375
3264
880
7703
1215
7767
1780
4064
3517
7828
8483
4612
3347
4527
8610
2669
846
6914
6001
9149
411
2305
3945
1050
3199
2120
5534
8442
5665
3592
3410
1491
2730
9042
8235
5939
7866
2352
4695
5182
6851
9932
9072
2123
3102
9555
2999
7999
6951
2181
5430
7523
2657
4194
5405
522
5486
8307
7545
8098
4634
4652
861
5468
4488
4962
7002
8881
9466
1462
7528
5387
7373
6426
6098
6967
5055
795
5520
1032
178
587
7921
609
2435
8236
1626
5708
7115
4957
8109
2600
3241
4688
6981
8091
9288
4344
1831
9220
8241
7168
6600
1141
3492
358
7922
6199
4036
8092
5980
7629
9458
2322
4581
1134
6438
1485
6109
2785
8733
9350
4420
3860
7397
5589
9089
5018
4788
7860
2133
9341
6096
8561
826
2604
5961
6936
561
2498
3342
1929
5746
8755
4668
5958
4835
4858
6067
2014
3216
7905
7480
9308
7421
3136
8129
1464
5454
5734
9166
7023
8242
1820
544
2769
8083
6343
6467
8739
7569
5940
1440
8264
8110
7575
9402
4168
6010
3711
8112
2430
1128
9327
692
2865
8639
9080
4033
8426
4725
1669
190
2400
9435
108
902
4821
5973
3558
6490
212
6076
4969
2069
9467
9073
8839
1685
3955
381
9468
8164
9328
4034
2279
6458
8715
6568
2509
2349
5210
6296
2568
6544
147
3298
9915
4757
1789
8982
1098
7382
352
2055
4058
6924
313
4169
9081
7970
3167
384
7837
8062
3602
9136
373
634
7003
1087
7027
1605
8382
6850
3550
97
5985
7024
3126
6011
9315
9020
2942
2686
5627
9712
6246
7428
6158
1679
3895
3196
6552
612
2218
5199
466
7264
7995
9835
2292
6966
7693
4827
5245
1632
9387
334
3046
6304
3624
3611
9576
7078
8603
4299
9687
3162
9213
5778
9138
8147
4760
1674
2423
4396
6322
2547
413
3383
2539
804
3744
2562
7009
883
2401
176
6370
7133
4224
7211
2957
2988
3589
9241
6185
5644
6884
8312
3174
8217
8964
3783
1509
4590
1040
1671
2252
8935
7143
9933
2678
4617
4307
5402
7582
5123
112
1957
1846
7667
4672
8746
5257
8692
2100
9269
8732
6363
5585
1638
1977
7159
7180
8975
7365
265
4538
9129
8210
4535
6620
5460
6759
4167
357
3511
7861
9307
7484
2954
2027
4970
1218
1277
2849
4007
1490
6956
2696
5114
2450
2764
1955
7870
8850
2761
4643
8251
9870
2075
3016
2044
16
8747
5304
3672
6640
2839
8354
6887
8706
2826
1637
3066
3701
2307
3871
4065
7845
2384
2195
9282
6177
5612
6713
1963
2722
8355
7609
7156
6029
6152
294
3603
8180
7347
7954
5343
244
3773
941
2956
632
5639
1226
1767
8546
5735
159
1095
1681
3508
3233
5593
9535
7800
2624
2040
6340
6798
7220
2752
2110
228
9797
940
5808
1984
2368
9668
5904
7462
5610
417
9344
655
7914
5697
3718
5624
2566
5505
4623
690
2437
4177
1495
8813
1738
4188
3910
780
7637
3499
5791
1179
8365
3393
8000
6517
3608
2916
6317
2720
9889
965
5253
2461
1198
1907
2020
3191
7889
326
8184
9713
9525
9351
4478
5820
308
4412
6267
7306
5954
599
9109
9546
9270
856
271
8647
441
1085
5857
2501
4553
6915
4848
788
7676
549
620
4040
5291
4641
5606
9513
7042
3209
2811
1585
4160
6005
3937
2309
4364
870
6777
5391
2951
7714
2721
3005
7257
4426
141
6113
1468
4515
4543
1660
3204
2801
1794
7896
5952
5273
4045
9379
764
6785
6000
586
8056
2579
1539
8783
5693
4395
2300
6079
2212
9029
8910
6778
2270
2453
5174
5340
1769
8484
1971
5680
4647
1029
6042
1183
8965
1733
5856
6497
7404
8148
9043
5576
2089
3078
9496
8840
8395
246
6183
4694
7425
1754
1048
7839
4336
8454
2741
4705
7379
4005
4639
8191
7116
2582
500
443
7838
9398
1118
2571
8618
5927
7850
6976
4127
8063
6650
2926
3476
8233
6666
4073
4388
1755
2950
6636
8556
3542
4200
2127
9669
3765
4749
1760
2933
519
9450
9130
3203
3432
5392
5511
3187
9415
9818
2515
7394
8433
3458
2408
4912
2359
1325
2569
878
6558
444
3651
3044
439
6471
4509
4556
4292
9053
3422
1389
1452
4852
2718
8599
2053
4409
2861
9279
7166
502
6952
6801
5719
8899
3720
4610
1273
3135
5748
6717
6992
4935
6461
8718
9151
2787
9416
235
3653
1309
6300
7658
5264
238
6233
7191
6563
5352
9622
336
8576
5880
7822
1705
6937
1323
3827
9317
7301
8181
4540
8320
598
4212
4516
4709
4467
9460
6186
6867
3380
4624
8917
6144
9370
8266
3614
7309
2781
3503
4530
4944
2998
4905
6077
9644
7924
3516
8001
2390
2323
1161
4716
2814
8854
7485
1220
1169
318
6052
4640
7945
3630
4877
3526
8201
8139
9380
8943
345
956
9916
6748
2396
2481
3838
9540
2116
6957
68
5908
9191
9582
5602
8657
3142
4470
6423
8485
7113
5323
9438
8794
6585
7988
6039
8903
6760
194
3271
3284
3140
9707
8287
9533
4758
3990
4400
4524
1622
1102
66
524
2819
872
5698
550
7726
65
6223
5469
1635
4281
8829
7819
7036
5051
8712
7729
2101
9596
21
5815
6439
6807
3385
9152
5225
8
6825
562
5489
3866
565
5882
1151
6779
143
6097
2844
2912
9404
8040
8637
493
1965
144
1951
6375
3251
8865
7685
9186
8366
4657
7946
6873
4214
9740
3901
9321
3781
8575
2108
472
3288
2535
9090
2159
967
763
1562
9773
5061
7659
660
4950
739
1747
1352
3176
745
6232
2708
6583
4903
5144
2397
6693
9371
9769
4627
324
1712
7949
8267
9271
7249
9324
7890
5824
964
6710
7385
5052
278
272
7851
6519
4678
7364
2900
5229
5642
7820
5831
617
8509
835
1566
828
6146
5766
5180
2210
5603
5822
2119
5434
5483
4432
2855
7524
1204
7434
7134
3003
853
6714
6099
2597
7539
6974
4497
5001
847
1096
1764
9187
5854
3004
5066
2941
6906
8487
8084
3222
3989
5548
2282
9289
5657
7085
9714
2939
1534
2341
3541
6958
1115
9243
2343
9188
9598
5227
2355
8232
4217
1375
3618
3308
2169
3570
5998
2831
8969
5168
6075
1101
6645
110
7207
8288
9162
2659
80
4079
2238
4710
4669
4732
8075
4819
3976
8245
9091
9564
5781
3441
2278
367
322
7654
6472
5398
3605
4422
8821
3461
9898
2410
8918
8094
3406
1666
7718
6993
3110
5964
925
8345
1983
1337
6149
1879
9469
9776
2129
6373
5034
2832
684
6840
4437
5064
985
6273
5554
8537
654
8337
3053
7508
882
7695
7549
5675
6367
8976
2762
3192
5093
2774
6027
2594
3536
542
2161
8589
977
8860
8346
2803
84
1279
173
8064
1372
4626
7142
2486
7807
1412
480
5825
775
5004
9352
5522
4823
2451
2392
9207
3972
1987
5393
6122
1937
1913
4899
5887
9514
1608
4303
7490
5166
1790
597
8197
8219
4246
4706
8111
2028
5470
7567
2273
6945
7665
1077
9724
2751
6588
7796
181
2004
5208
9462
4293
4398
8224
1093
2548
7120
7231
5302
8888
7511
6298
2649
3790
7801
4235
8080
1247
1620
1278
3680
805
3693
5154
5016
2992
518
5194
8151
9858
6072
4684
7307
204
4189
7103
1889
2820
1645
8207
7100
8565
5230
5752
7440
2921
5913
7153
8919
3552
5804
7067
2431
6925
2186
7812
919
3853
3050
4785
4211
4884
4894
1195
613
2121
7771
8085
1979
2297
1158
1171
6786
5753
8649
4391
8499
3807
2038
8422
8095
9556
2731
7938
2620
1658
8551
1565
5420
8165
5344
172
459
4387
4496
4583
4701
8211
2837
3427
3008
312
6060
8338
6627
3252
5842
2254
7288
9297
721
6844
192
4440
8042
1728
1667
8450
833
2091
5271
6597
7079
8945
7719
388
7687
7614
6345
1244
3818
9825
876
2354
2326
4191
2485
6831
9750
8828
2225
6389
7366
6859
3079
1361
7154
2650
3415
6750
3442
2257
1610
2434
8347
5691
1209
1792
2778
9526
6448
5829
8373
5806
3894
7923
447
4898
8411
832
7250
7422
4353
3345
5346
4155
8127
6665
6715
1357
974
5876
4817
4751
2888
2272
3132
7242
5157
236
630
254
6338
6835
2162
5335
8149
2229
2239
1884
223
8451
2256
8892
4492
5414
390
427
6174
6147
6281
3301
5175
5109
3576
5832
844
9663
7997
8768
2274
3852
1270
165
8389
5140
1252
3987
2259
1255
1741
55
540
8602
410
33
47
5021
3210
6808
2
4525
3824
264
7218
1023
9610
3330
2191
8769
2177
2477
9633
3229
8814
414
1120
9214
8051
5683
6040
8186
9542
6641
3047
2022
643
4068
8866
8748
1411
903
54
1717
9917
2468
2809
5023
2614
4619
5722
3304
2090
2289
7032
551
1538
9439
9405
3262
76
477
5776
4920
3013
1827
8308
5125
1908
3036
1746
295
4487
1492
4532
7683
5545
5384
9261
7813
8841
8619
7983
8280
5356
5167
9117
1403
3730
4275
4700
2653
7955
6735
3798
3405
7383
5474
237
8797
3717
8764
138
1922
193
4689
7677
3372
7631
3671
3236
9477
9589
3572
6491
5674
9139
8466
8853
8356
1088
1223
5971
4867
4098
9899
6837
1996
7610
9406
1688
5047
8600
118
8722
3591
8785
2725
3573
3641
1308
5009
5584
4855
8956
225
3539
7696
2247
4226
1025
1297
6050
9176
9577
4244
4075
892
6239
7123
8183
4644
9741
6846
2667
5833
9658
1002
4125
9156
1031
106
6596
9871
6667
1075
8470
8620
1364
1886
8246
7829
4280
8786
7533
2558
221
6531
4824
6268
1068
2767
2443
1042
1225
858
3478
4252
4564
742
9855
1926
3657
4016
7852
4277
7167
9189
4849
1150
778
7809
5601
3694
3425
9161
8753
819
8132
8516
8830
7501
282
1239
8651
488
8342
4094
3746
3792
4718
1104
7395
4415
4574
5057
2636
9362
1059
8427
9798
3474
4247
2644
7145
3736
6768
309
1073
4356
419
9611
6559
5353
3731
6916
1589
7570
1153
5417
6445
3911
938
2160
543
5254
9150
3829
2172
8220
9440
7950
5661
137
3389
8076
8920
4260
7989
3290
4605
8590
618
3705
2734
3766
3734
3787
1432
5137
6669
3202
9634
7371
8357
1843
7361
8988
6771
9630
6212
5290
9497
35
3459
3756
3927
7611
2171
2616
8995
2466
3954
7621
2393
624
9427
2908
9764
8738
7345
1545
4557
5029
6483
3890
6655
4402
5153
4934
777
6105
6930
3846
7445
5063
8740
3327
3011
6041
4122
4614
8608
5559
2329
9375
2357
9428
6546
4793
149
7467
2008
9470
5570
5485
333
3305
6644
5077
9233
1700
1090
1165
81
6355
6738
455
2240
200
158
6876
2444
2448
2971
7481
8281
2328
1911
288
2554
2800
9389
485
2707
8858
154
4996
4495
5872
1941
1853
897
4448
2325
1517
123
1750
1260
3785
297
3419
1487
2997
2312
8455
2673
5275
4230
2638
767
2877
2303
3030
8611
7543
5892
4811
8156
1967
9811
465
474
7160
966
9021
3643
6326
1603
3706
6998
1052
4850
1245
3332
4317
8018
2077
3656
8595
3436
7355
4722
401
1423
6744
5542
5358
2143
8252
7356
1097
4922
2449
8880
9044
2658
873
5801
7947
6649
2742
726
3560
4468
9934
669
4479
7594
298
7417
2623
7600
6361
9009
3916
2866
7254
4183
8571
6829
3841
4290
9918
2167
5473
5599
9451
7891
2277
4486
588
8152
5369
8212
2705
9725
679
4683
7784
1203
7061
7175
8268
5720
5465
4008
9715
3280
157
7068
7189
6405
802
723
7055
1006
5500
688
8225
5850
4727
4232
9030
9363
4178
9507
8566
6711
1105
7429
841
4231
926
2739
7522
1168
6254
7441
7871
5777
9001
1567
2689
9110
4752
7330
5401
8263
7583
3466
6522
139
163
9726
3664
2983
5901
8100
7291
7802
5717
9246
6175
2965
3533
4854
9045
119
531
9353
2182
9407
7457
3726
6435
4982
355
3485
6692
3951
5847
1166
9111
9565
2482
936
711
829
8770
4537
6459
6269
1653
895
4526
4904
816
3063
9165
5658
3579
6613
8077
8658
3980
1144
8650
4635
729
6112
5435
3808
1924
5965
9900
3121
5138
7261
3208
7503
7840
3674
5638
1720
6742
8157
4072
6184
6606
59
5662
4885
4798
8538
1865
1080
3072
3109
3186
3690
7020
2504
4665
6736
1431
616
3969
4089
4443
203
1366
6532
5794
7892
906
7795
450
7612
1927
7785
8096
7915
3324
3395
1920
5408
5422
5333
2641
6975
3724
8695
6454
8517
1655
917
7350
1373
9167
5102
9121
8374
1291
4621
9128
9075
4915
1834
3702
6885
2712
3502
2786
7653
3128
4340
2377
4087
9173
7026
2937
1654
653
8296
5362
2759
9463
7647
3127
7864
5205
442
6358
5916
9329
8924
262
7707
8693
3545
1351
3189
6787
678
5783
4324
9178
3112
3017
5669
8818
461
3289
2441
1063
8002
3913
2424
6863
8107
3161
8019
7584
8081
6523
4316
6907
7576
6493
733
5982
2881
2602
2281
8947
6187
2170
8741
3141
9258
5767
5909
8987
5080
9872
38
859
7063
8119
2863
4319
929
2092
9901
7011
5881
3269
5595
9054
5406
556
3684
3320
6582
9856
8996
2335
5813
6984
7660
3001
6229
8532
2794
9755
1915
5863
7081
2079
4721
3745
9291
7704
3482
9437
4801
724
6102
6088
1925
1959
429
1773
490
672
4522
3315
7338
8686
3627
1164
698
2808
2812
1404
8621
6151
473
3685
6679
3768
4830
762
6578
3597
6161
8905
4989
1283
167
1011
1395
2287
1815
9800
5418
8859
3835
1992
8435
1329
8612
9603
8463
6335
1735
648
5019
3336
9902
9515
8269
7529
3025
5155
5685
8936
7625
6436
8886
2059
2799
9635
8787
5421
4603
4501
2981
369
1156
3116
7086
6747
7705
6772
4334
2766
6518
9534
4864
5779
3696
9272
8906
9785
2559
6878
6449
2962
921
576
2295
9801
6063
1651
5030
7007
889
6547
6412
6030
7056
8086
3178
9100
704
3213
9400
791
6371
6121
8579
9599
117
9447
6624
3407
3528
3825
4606
7821
5552
3243
4964
644
9330
2529
4723
2165
5218
1243
4285
6963
7419
9702
8221
2009
9153
9584
4463
6385
5443
4703
9123
3864
7803
2033
7451
5655
184
3521
9924
1479
2550
331
489
7318
969
7210
2144
4879
8043
3173
8198
2201
8456
3770
1758
9101
6176
7846
9364
7212
8003
3035
6718
1836
4663
7873
9765
9003
8822
7847
2412
1751
5763
881
6959
3681
1497
2684
563
3620
3117
3421
2234
557
5236
6722
9372
8436
2546
8989
1814
5865
2319
7881
4768
1990
8552
7059
4763
4250
8855
9112
3616
515
4335
7814
3952
3065
4028
9254
5894
7225
4382
2520
6139
5959
1587
7697
5780
9487
3844
1893
5839
8653
418
7219
4629
5640
8714
4481
8476
7515
1875
3930
6997
8329
1387
3151
583
5513
18
2236
5237
6982
1985
912
2578
263
1845
3453
4491
4185
5277
8793
5573
3815
665
353
9683
8067
8580
6019
3310
641
6245
3428
8893
2483
3723
2173
1441
8330
581
4384
3064
2296
4066
9168
5012
3084
4164
9703
2475
5647
1821
7887
7252
7390
3496
0
9590
8659
2136
1973
3942
6923
9298
6661
9124
1521
9471
1175
6512
8140
113
9331
4126
5609
671
4172
9103
5503
5363
4471
8339
5739
1208
4971
9819
9583
6284
2694
1680
4305
8729
3506
7768
9795
6381
2873
6468
4059
9102
3205
100
8696
1783
7297
6637
7351
3519
1848
9558
3354
1363
7898
4544
1003
8553
4986
6172
6276
2948
1998
4907
8513
2005
9055
8977
6860
5986
4366
7408
8679
8788
2693
9011
9802
5568
6564
8498
9273
7190
3009
4880
4135
3069
4988
8663
5495
6510
8815
1018
2480
9826
4888
7128
1640
7320
874
6378
8628
2612
9299
1457
6961
229
3006
7486
4347
913
6499
5107
4077
8539
2854
2519
9426
4184
6968
4956
2200
9612
6053
628
6817
7585
9623
5951
5600
2471
5069
9067
4300
9395
4039
4209
5493
2680
1004
1256
3291
4825
9774
9140
4607
7725
3902
6592
3048
6342
7043
6013
6224
6633
6861
8115
9046
7899
9601
37
8237
6854
437
619
697
5000
168
3982
8572
1193
4748
1413
1901
9803
8540
822
5007
3742
1943
1774
7135
5900
7398
7815
1989
4569
8258
9118
6612
6795
8557
475
559
8248
2522
9925
7826
1421
6473
6706
3158
3767
121
2406
289
7556
8842
5604
8789
6462
2526
6598
7711
633
3338
4004
657
1682
7215
3692
5119
6336
9591
7124
8477
9332
9457
4753
4465
5859
7228
6788
4452
1386
4444
4916
1505
7278
3673
6553
9234
9670
3968
9873
1194
6769
470
5852
6456
4294
7916
8776
635
2459
7766
4091
9382
5196
9516
7327
7251
2549
3877
7804
3223
7516
3190
8218
2570
908
5382
1445
6020
4144
8782
83
6110
3899
2216
3049
532
5516
9517
8154
4572
3279
5523
3444
2536
8937
5851
4320
6469
5512
3245
5444
6812
9566
6205
2701
9032
9390
7577
4862
5797
3949
4411
1716
3111
5914
1374
748
3378
9318
8672
3820
6089
226
6605
5312
2553
7204
3764
7941
1617
8601
8559
6231
8795
4536
2217
5526
3023
4786
7083
1648
1157
5310
5247
8036
3983
2697
14
241
2211
5477
4826
6560
9309
1298
5187
8954
2577
4932
6938
5441
6594
8784
1402
6376
3914
9844
3604
793
6977
4146
4874
7262
5879
864
7708
996
3713
4938
1049
7430
4403
3067
6337
342
6921
1174
70
7052
4162
1368
3966
8911
1697
48
7797
3599
5938
9208
1420
481
8843
1954
1211
7951
2929
8735
6505
5280
8665
5347
4418
4489
6524
2332
5531
3595
8488
2585
9845
4331
2895
8877
8609
5539
9365
7004
4429
2094
9602
5084
1135
9624
945
5243
9292
3490
5877
8415
6350
2953
5758
3581
8887
9684
3953
8796
60
5360
8270
9059
5415
2046
3932
8289
2386
3569
8367
9434
9104
9235
2807
1956
3782
503
4813
7748
4176
9068
3869
3892
5928
4003
7005
6470
4632
5567
323
611
7279
449
9748
7738
1477
4174
270
837
3045
799
3145
6324
1806
304
7657
7792
1511
4670
4464
831
4195
7008
4940
2979
4338
3411
1312
222
820
8581
4435
9674
5701
6995
3907
4113
6939
174
6985
6919
9660
7909
682
6680
4498
4890
3424
6994
6413
533
4362
9749
105
6128
4499
2132
686
990
1
5278
102
2164
302
7823
3092
4783
9345
4022
4568
5238
1944
7414
9099
5942
8128
6083
1844
3924
9575
266
1300
2943
9545
6087
9174
2230
2619
9012
6870
5151
5508
5883
7972
9766
6495
7127
5389
6130
8050
2588
1201
9441
2403
2561
4505
6308
6406
5524
3316
3950
4120
3600
6909
7468
3175
230
9255
9137
8153
5498
4084
899
8533
5383
7263
5276
9262
5361
727
4149
6129
4351
4180
1320
3933
3529
9033
1561
498
3750
1458
8660
8831
4764
2728
849
2784
6142
9034
2586
5721
8375
8068
428
999
9222
8027
2404
6716
9319
2370
7202
7976
5098
9285
2187
8907
9002
188
3606
6118
5605
1370
3665
779
3971
5409
2137
6225
9131
6372
580
8810
6256
3834
1964
7689
1058
7435
9215
2394
869
3984
3285
2521
6359
5528
116
2052
5754
88
2185
8622
4419
8613
8150
1757
3387
5350
1446
610
2779
4482
934
7648
7642
2114
9836
4637
7098
8529
8884
8471
256
1353
2583
9508
6159
8243
568
1189
8687
4869
717
7292
8362
8213
4805
9013
6148
7051
8929
1451
1207
6287
5379
3858
104
1809
1107
9786
9179
1133
5024
8912
7469
3544
4677
8226
2313
1580
8697
4873
6257
6207
5101
2117
71
5336
3350
1520
6219
7399
8234
249
7470
8113
4355
7720
9808
4998
6228
349
7663
4258
8035
1949
2102
3535
5586
3670
7706
5365
3559
2183
9355
4876
2753
2436
5653
9236
3553
1339
8648
1854
9429
2828
1785
3286
4241
1238
8489
4469
8777
99
4648
3644
9716
2496
2530
7477
9310
983
4158
7832
5962
8955
6947
6167
4376
8682
9678
8405
9465
8322
1299
4972
6917
3090
6058
2249
6424
1690
95
9408
2261
6729
6220
6407
3640
7139
2575
8558
6320
3212
96
4939
6628
2367
4060
8117
607
7998
4106
1184
2487
1081
8778
2253
2967
9592
3481
4286
9242
8851
538
6045
6541
4483
2018
261
4866
1284
3962
2106
5122
3138
2729
4115
6206
9539
7786
5222
5145
5848
759
1899
584
4622
2246
7544
5370
1650
9837
5742
9613
9696
5062
7661
2184
5265
6723
5195
5366
3170
2418
4053
4745
4951
4698
3805
1266
2041
5549
5590
5410
1934
7012
761
5814
5905
6383
7615
8949
9047
6799
1711
7281
9092
6529
3197
5654
9333
7357
3777
6520
6676
2402
1687
6964
2824
1923
93
9693
5161
7548
664
3486
6153
9274
8921
6442
5491
6390
7604
2859
1481
6848
7310
218
4942
2936
6595
3020
9392
636
1724
3488
3018
2490
4646
734
4011
1271
9334
4054
911
1902
9381
94
8283
1743
2946
5517
6437
8596
8238
5729
798
3999
7106
8617
5380
629
8979
1436
1206
6043
9903
2505
1188
2061
5884
6092
3351
8013
6845
1222
8409
1839
3379
9277
3408
5540
9734
8666
595
8376
9125
2525
6264
3328
9182
7174
4358
9827
5178
394
1425
283
4615
8832
5529
3455
1251
3446
575
2353
4111
3040
3094
894
5141
5255
2540
6836
8203
4227
5411
7933
5643
328
7205
5088
6901
4025
4346
6450
2030
1280
6180
8309
457
5190
3438
5025
3941
8951
3165
1460
2113
6990
4205
3449
3414
5502
4960
6932
8126
5499
6111
4889
7088
9929
7044
6204
7208
7875
4363
6173
9735
7853
4199
5373
6697
1549
4993
9586
646
8416
4666
424
1037
2656
2206
6145
63
6570
6728
5446
2255
4254
8039
7473
7836
8514
1801
1437
1947
6843
4841
6652
8567
6743
9904
5878
8564
7624
2336
4253
9105
7235
6222
674
1932
9490
4048
3475
7623
234
4886
879
259
5452
5478
2227
8311
8833
9216
5873
7483
9198
1274
9770
5381
6455
2381
9636
6501
2096
398
1071
8667
9742
2810
4507
9056
3625
5135
3139
2928
5181
1584
848
9874
1326
4210
9443
4321
1365
8133
2017
9648
3986
4154
2432
5737
8772
6154
4026
2565
3904
3728
4503
6015
9218
4153
6827
6828
2984
1627
5557
3160
667
6586
8452
2975
1675
5710
1570
7731
9163
3059
9743
2220
5193
4406
6739
6691
9834
3698
7170
9757
6028
596
1219
9452
5837
310
2345
1891
6888
9695
6021
1665
7650
6414
3883
7037
5868
316
9093
552
4679
9023
4051
4103
1461
7071
9614
5694
4510
7506
7482
2932
6236
3831
1369
7400
6632
8443
4795
7353
9875
9286
7605
2587
1828
4584
2608
2782
5608
363
280
6674
9373
772
7452
6690
3194
5945
7161
9893
7925
4182
7324
5006
732
3164
5292
2860
8304
7045
9649
6525
4273
530
9074
1737
7114
4737
293
6941
9478
1482
2901
756
4923
3905
4251
662
7497
3451
6800
5185
4812
2269
7854
4977
1544
4747
2023
2111
4565
758
4586
4836
5043
2875
5162
133
9489
3803
9879
4263
7756
7436
4421
1426
1237
7232
5388
7507
8524
4333
3504
4618
1541
5116
7458
6581
578
3150
6745
3154
6971
9126
1027
2893
5773
4762
868
3107
3359
6577
6526
1113
520
3791
9135
5226
6910
8584
8585
6855
6033
6842
9342
797
6631
5059
8518
9200
2316
5450
3898
4314
8253
8259
9461
8385
2194
5050
8629
4954
7568
5646
3991
8437
6902
8908
3346
9409
8406
3399
3292
3493
5285
9354
8922
1999
9846
6301
9671
3423
9180
7375
4383
3588
3309
4578
3450
744
9905
9775
6894
327
290
4837
8196
8108
8868
3548
469
3080
3258
6670
7640
5616
5525
4061
4392
8510
8894
8159
932
8723
8228
7532
2719
3748
9293
2726
5033
5160
7296
6554
3821
5165
7321
20
5303
6432
5686
6833
511
1054
5152
6688
9060
9697
9221
4021
8807
7530
3537
7131
694
6695
305
3326
4203
4295
9181
3403
4151
1871
2994
2869
6761
1554
74
4179
1892
5457
8500
321
6895
5741
3887
9737
1657
5906
4947
3652
1400
267
9847
8358
5648
8652
4871
8809
6391
1890
3101
3715
5770
1254
8790
6730
539
7782
407
2958
4278
8359
2197
6614
9057
2631
1803
6616
4733
1586
3546
9629
432
4129
9935
1543
3584
1126
5649
4310
6703
8390
120
8930
1582
6313
1111
566
1699
4613
7273
8101
2692
3086
7478
2311
5010
8037
7409
17
1259
3103
7752
5786
6492
126
7721
776
9531
7105
89
4808
1316
4828
7380
2580
1644
9528
7551
1656
2990
9419
850
9083
6877
786
3801
2661
696
8773
535
1060
6623
9082
8950
3946
3797
6188
7681
6213
4902
6810
6999
1782
9141
2469
7735
7186
6397
2626
1435
4462
5947
3085
5922
4018
3842
1542
709
6221
2795
898
4192
8869
6286
4088
5424
6463
6143
7502
124
4378
3376
1684
812
1501
1772
6988
1282
8305
7376
6656
5385
7169
7586
5518
2006
4987
6309
1358
9024
8895
3540
3743
2773
7157
8876
213
760
5996
8023
2324
6208
9604
5983
9704
7618
5094
5173
1786
1272
6965
3440
8688
9799
9493
957
5130
6404
9256
7110
2560
5028
7715
2422
2317
1333
9025
3861
2034
8428
5482
9615
6602
7913
4945
4014
1083
8775
5315
5232
9839
6762
4506
1867
4802
3319
6214
9578
9410
6285
3031
7089
7616
2203
6569
6353
2652
5860
9453
6266
8698
5575
1966
7173
2507
1410
8340
3649
528
9414
4973
569
9891
8249
7816
6700
4742
7410
8271
7499
1224
2130
7558
8420
3617
4967
2331
9788
1345
1779
3369
8052
4659
4846
5784
4548
4446
5328
8410
8369
5201
9064
7936
9132
1469
8870
9119
6409
5976
536
5535
5126
5305
9190
2603
9391
6969
5934
2772
3961
4570
1227
4242
7453
8158
4545
2078
7958
7561
22
699
989
8327
3507
1200
5785
513
2963
2987
3108
7401
1633
1576
8011
2982
915
224
9579
3884
9113
7630
2847
3147
7293
4686
5005
8678
5313
9736
9444
5977
1033
8492
7206
3113
9290
7226
2508
430
9717
3655
3915
5558
7730
9816
5330
2447
3703
1092
1593
1471
5295
960
6012
2363
4743
4042
19
1180
216
8699
3480
8396
7959
834
3561
922
3234
7446
2804
650
2834
3836
6671
4287
7855
6899
7668
7447
3463
9880
2151
1975
4674
382
7834
109
1467
6726
783
8630
638
9791
3985
8260
6607
189
8097
6433
7876
6841
6663
5142
5592
9499
9698
7772
1713
7492
5282
6701
2607
9616
7258
8568
4799
2634
7841
396
2735
1453
1106
7491
7517
4206
7117
7588
2532
7021
3687
1137
2266
5070
6380
325
2268
7757
3555
5501
1613
3996
7455
3733
5263
2813
7682
7140
9688
1710
8780
3586
9926
8511
7057
2907
3854
7494
3810
5438
5953
3762
3822
8547
2465
4389
8914
30
5447
2675
1880
8501
1210
7984
2122
7084
1463
9094
7367
5299
1533
5451
1289
3447
6603
8348
7198
5809
927
1390
5246
3629
4724
1217
195
8586
1359
6330
1296
1074
3259
6536
2098
4561
4449
6589
7948
6755
4220
6943
4266
4868
1449
3753
3312
3891
8923
5221
1125
183
1529
7531
3948
1583
5423
7722
614
984
6243
460
6479
8208
3582
7753
2385
9116
9857
6356
2724
8168
766
9927
5492
6106
3554
4767
3814
2290
8597
6813
9828
8297
5565
9263
9710
8673
5431
4017
4198
8983
5596
9626
1250
3278
364
3471
6933
9518
1950
3691
3261
7028
3697
2062
416
3087
1131
4891
4997
8120
4690
7882
2093
2237
949
34
27
9829
9650
1523
553
8102
8114
7346
9851
605
4365
2890
5156
1269
2298
5300
3075
6006
5740
855
4289
3317
5325
2134
4141
4139
6253
1531
8502
7265
2938
4328
1552
2664
9777
6036
2176
2727
6766
476
6025
2699
7917
3543
8616
7328
8966
7282
8187
9058
3384
1498
2572
1918
7817
4147
6912
8229
8272
42
6604
5209
7883
9357
3607
4105
2846
2126
7505
4399
4720
7985
5620
7332
1876
9830
5684
7960
5100
2996
1053
5319
4341
4023
9084
6599
1852
7587
7927
4875
7770
8078
6034
7014
214
3754
134
4322
7405
5787
5067
1515
1822
5120
7448
1781
4741
5689
7358
887
5132
8041
4329
8377
743
1117
2080
2964
3226
7739
2425
2635
3809
9106
6059
2420
5764
5425
5553
3974
4123
3148
1919
3105
1942
1231
9840
1376
3123
2409
1601
6646
8079
7571
3870
5597
4983
1391
7848
9705
8472
8131
695
483
6868
8403
7377
5244
2776
7148
8230
4456
1318
9065
479
2757
2222
164
6474
7325
6418
9617
1993
893
7274
127
7750
6866
9789
5108
5510
958
3873
2338
817
1177
153
4472
6046
1036
8141
554
5626
8631
2630
972
2974
6318
4523
6584
6796
2843
4636
6182
3377
8031
4711
4150
9244
7790
8668
9651
2029
5378
3633
4630
6565
8942
6248
7893
3076
6446
2545
9637
5439
5110
621
2711
975
6280
1912
2949
6209
3322
2500
7362
5712
8992
454
4520
5171
8645
5826
705
8896
5747
3695
6164
7842
4588
4596
2905
4071
3015
4843
9202
2456
3115
2063
857
736
8298
6262
494
233
2082
1335
7698
2805
5020
205
3610
714
8845
8404
5628
1527
5074
901
992
4092
4019
905
7798
8968
1791
4049
2479
1578
4255
8716
1621
9778
7118
6451
8121
1800
2748
3997
4441
9238
9374
1114
7018
2231
2193
2910
462
3874
8204
5075
9142
6051
5759
3793
5071
501
5111
378
5099
3227
4715
8932
8015
7862
7560
5239
987
4069
4675
7977
7897
7742
7305
6780
8173
1784
1707
5272
7758
7671
5671
5056
8503
4822
3224
2495
9906
8674
825
7686
7877
3098
5294
4599
8145
7518
5581
9567
5321
5455
1972
2428
6575
3313
448
3268
3026
6527
4691
7053
3357
3360
3364
2373
6756
6202
4118
9821
8231
4562
389
1350
8689
7956
9394
5812
8370
8491
9892
7740
2376
3272
6704
862
5442
5919
7978
5715
6259
5026
3401
9245
8105
6357
9831
1555
2356
1409
5231
4359
7789
5186
8980
7595
5091
3774
9756
754
332
9738
499
3037
6434
693
341
1405
1581
1588
7874
7259
3622
9859
5885
4576
1706
4744
3193
5115
9177
836
6341
5445
1371
6927
2330
8072
7699
8882
4326
5970
4933
4352
232
8742
2513
8421
4913
9580
676
201
5941
4776
2288
7238
9804
8897
5436
3847
5341
1039
2609
1213
7221
6332
2511
9759
5871
7736
7046
1327
7879
7662
959
7184
3295
4508
5453
446
6823
9069
8350
4863
4002
9865
7454
4296
1939
9203
4803
7903
8381
8166
1009
5250
4270
863
866
9627
6196
2112
1742
8192
8053
86
3381
2923
151
1897
7104
8544
9841
521
3567
3813
8883
5413
243
3337
2438
1385
2141
4807
6896
1762
523
4121
250
7
9035
3487
2301
7649
2315
7149
8122
4769
3392
5967
8957
1310
7957
790
5862
495
4095
6528
3893
7270
6486
994
7534
6323
907
9767
5284
7066
1659
7487
2064
961
8555
1739
7471
5566
2598
9544
8360
8012
1336
8871
5076
4311
1759
7038
7090
1525
8383
405
737
5530
1472
6452
6014
4589
8057
4832
3437
7674
1242
1108
1173
7968
8273
4274
8724
982
385
591
1969
5448
680
4282
7442
4119
5745
9805
7673
7496
1331
6062
9699
3959
6201
510
2366
1548
3348
5042
4789
4726
4728
8754
2467
9251
9366
3556
9860
2066
291
486
6942
8418
3306
6530
6238
5760
642
409
1062
9536
4090
5946
1540
8331
1727
3062
5022
5504
3318
8889
683
2980
1573
9689
9537
7908
340
6681
1394
7787
9287
9442
6165
7229
5672
3601
8468
1263
3751
6960
4943
2599
803
1459
162
5095
5730
3074
7284
8125
7000
3211
1099
4671
7266
4633
6489
3957
5853
9300
3232
3370
8391
6918
2845
9479
8701
245
8633
11
7415
2972
7122
1398
8638
854
4790
4717
2573
3621
6576
7981
5870
2445
4221
8106
383
1167
36
981
7403
4197
3388
3397
5150
1748
6903
6944
6198
7294
971
6856
749
6940
4693
645
5613
6057
5617
8088
6325
7326
7578
8669
2476
5912
1507
3361
9832
1317
9519
6496
1672
7342
1978
5630
2852
5170
6441
4112
8193
7064
811
2714
7313
5326
4591
9036
7607
3114
1182
285
4350
231
7010
434
7370
4284
3257
6508
2105
5931
2833
5412
3863
7919
3041
9568
6189
4279
3776
6294
2154
4560
9524
8478
7172
1641
4517
343
8997
3343
8214
1841
7241
7472
3960
8563
4297
7176
6731
2223
3626
5136
9430
6081
8664
7598
8255
1354
5937
300
1109
6809
50
6270
4513
8569
6419
2199
6847
8167
9780
4682
8898
506
9861
3632
1597
1981
8751
573
4609
884
5923
6388
8578
5089
1268
6271
2909
5634
7339
2364
4213
1229
7461
4102
8467
7856
31
9569
1933
5614
5749
3157
8928
4037
601
8349
978
5561
15
2552
5571
7227
5579
2985
8707
1130
4264
9411
3218
4043
2798
7541
5146
9792
8016
7759
4434
6852
4104
5611
5461
374
5536
2703
3097
8681
2840
4159
4804
9793
2399
4096
7141
9164
5869
1894
4360
1016
8548
6820
4413
8453
9359
8708
939
2452
1342
376
4918
7579
2632
931
3032
8182
5656
1051
1434
3091
5702
8341
1500
4587
784
924
4740
9114
6026
1212
7572
2334
1190
5994
5248
1866
8429
1817
3855
8878
4687
39
2180
4430
5364
6675
253
8310
1181
8958
4137
152
58
1015
314
4772
9501
5192
7700
3275
3885
8959
865
3267
3912
1388
2115
3276
548
3886
2853
4171
5317
1355
1643
4407
5678
1142
8408
7509
8486
2156
3333
8438
5782
9806
9454
5403
7146
3188
6417
7902
505
8694
8967
7209
5301
3363
330
1285
8762
1718
2031
3594
2275
7283
4620
2643
3906
3755
82
3549
8515
4233
44
5972
2606
5396
3867
7444
5090
335
5932
7613
2968
8089
3000
955
7164
6303
3038
4594
6542
741
2628
2095
3334
9593
9239
3578
7039
5893
1295
4504
1530
5731
7723
5497
9638
6864
1010
702
3760
2527
6190
2622
7709
5296
2825
6770
5935
4010
2314
380
6660
1714
7911
5266
7396
4381
98
3024
8774
6415
3034
6395
3214
8591
1611
4878
7150
2743
1677
3468
4820
7060
7368
8550
991
4770
6282
8202
1612
7641
6869
7363
7449
9673
3339
6621
247
4012
2892
7918
182
3688
5293
6879
2827
3908
4514
9210
7741
2691
8938
4466
4354
6980
1100
463
1536
5716
3804
7830
9562
5550
6506
750
4076
9312
9794
2842
4304
8205
9048
8998
3217
4361
3757
169
2043
6392
2517
7322
6978
1034
2935
3299
4208
997
1968
3837
1571
1061
9155
161
431
26
4196
7311
1824
6653
2072
5663
5345
1136
3183
1305
7411
4187
3365
5234
1236
7418
9600
1228
8332
5506
6082
2771
1381
9294
1112
3163
5480
9690
5607
8719
1480
1013
5875
7498
3679
1686
257
2783
2219
789
7344
5191
7001
386
567
248
9907
4438
8542
7617
9228
5711
9247
3166
9718
2421
3445
6071
3483
8142
8690
5274
5097
2880
4965
111
5475
8933
92
7906
1840
1294
406
2884
8713
2802
3060
1035
4082
9229
3763
4549
6740
8313
7590
5827
9488
7222
1602
9618
6302
5929
4831
7129
3830
2224
888
814
7463
5538
5306
7136
1701
8670
7510
6920
2308
6543
6307
980
6210
1163
8044
6064
5348
3662
8844
5262
8521
6719
4642
6331
7155
3566
7688
5699
1103
8387
9070
9619
6310
8323
7464
7479
7147
1447
3373
2555
91
7387
4577
8725
525
2389
508
5214
3722
8306
2071
2057
8925
1362
8798
2348
6521
5949
1953
4847
6922
5866
9662
9275
5795
4941
976
6073
7243
713
7097
2749
79
7552
9265
7092
6658
2054
7664
3931
1249
877
4926
6507
4318
2596
2153
7669
728
6329
6328
7863
6191
8519
9877
3568
8099
3965
9421
6746
5580
4032
2648
970
7912
1778
6625
9606
4809
5371
3200
5228
3826
2395
7111
9771
8577
3238
3464
8274
3083
3669
5572
2627
8261
7474
8934
6263
1861
3505
9076
891
8640
5823
3752
10
8661
90
9367
2360
7843
8378
7287
4857
6970
2672
9628
2188
5479
8188
3975
8525
4385
5687
6422
3027
3420
6555
5008
3580
57
2388
7443
3307
4485
5834
3944
1878
8771
4234
1232
2248
4966
6085
973
1661
7048
5792
8999
8582
3721
6725
1041
509
1417
5
2344
700
53
9727
3057
2914
2542
9316
6511
227
7775
4851
4774
1563
5259
4148
2419
4130
5960
6244
8799
8504
4312
8634
2662
4256
2433
658
6272
5532
7760
8791
5049
1397
8490
6790
2683
2775
9154
5968
3796
8174
4539
8808
4380
3323
4372
4676
8939
2321
5377
5143
1629
4131
6782
6400
5459
1668
1288
5068
5802
685
1513
6874
6084
5118
107
6818
9311
9230
3725
3274
8324
512
4707
5555
8388
5790
29
9595
7694
6420
9810
5707
6953
2541
701
9653
2013
1715
3970
338
8473
9557
2264
9431
8222
6794
1340
1262
7295
2913
810
1698
6804
3314
5428
9237
7591
2304
1321
3525
2850
371
6500
3477
4759
8890
7776
2642
2876
1382
1116
2770
8632
594
9570
7384
8379
6484
9751
1885
7512
6133
8926
615
1624
1849
2592
6571
7907
5957
4455
952
3443
5756
9908
5673
4339
651
4132
3335
9538
1275
5991
4953
366
3412
6078
7381
6609
4559
8614
9219
306
8990
9760
7651
2387
3283
2780
5488
284
2251
3171
7031
7777
9193
1056
7303
2010
4269
9276
6783
2991
8479
8169
3484
3850
6727
1590
9607
5679
1991
4937
3382
1579
9107
815
2243
8430
1569
347
5014
3978
1577
2989
838
2107
1958
821
2320
7778
4404
2823
4708
3947
8838
1734
9685
7990
2271
7280
9781
8624
3795
7727
7937
4838
3302
4860
6989
3281
3221
8625
8662
6024
1429
851
2492
7603
8826
652
3562
9004
7773
5215
2621
9498
7513
6386
46
8457
5163
8816
8981
2152
9661
9347
8940
4955
8520
4765
7352
5449
7592
433
4373
7939
8800
3538
770
9706
67
9862
3928
7459
2047
1466
9383
7234
5065
8123
4571
5462
4272
2380
393
7619
3889
6789
2342
9079
8549
6682
6973
7236
9115
995
2625
4990
7126
1399
8530
7593
273
3341
8448
7940
4754
6316
5374
2564
6702
2891
3426
4216
9095
4315
1069
4900
362
9455
9171
3934
5213
4585
3547
2927
4714
2012
7788
3180
8004
7646
4109
5645
9605
9445
2822
3700
6387
2796
2704
5198
5487
7553
8005
7275
275
3358
7336
6659
5003
269
1598
6160
3888
9026
2002
768
606
6946
5907
3169
4165
52
3177
2228
4015
3325
9728
4928
8006
2816
5241
78
5816
329
1723
2969
320
