eda e
hmm wait
aapko kaise pata
chut ki
jo p
ok enjoy
good night !
kya thi
chalo good
jo b
aap jano
msgs
m toh
i love u to ji
achaaww
ab kaise ho
m too
shuru
as ka
wake up
jaaoo
k hogya
u2
haan ji dear
jo *
aalu gobhi
kya matlab
good night g
jii jii
disturb
nhi di
u know wat
chl hatt
wednesday
ruk na
tak
don't mind
kutiya
kya kya
aur baata
pta kro
ghri
masha allah
nigh
tired
ha woi
kya oye
ghre
hm babu
second
ummhahahahahahahahamamamamamamammamamamamamamamamahahahahhahahahahahamamamamamamamamamammamamamamaammamamamamammaahhahahahahahahahhahamamamamamamamamamamaahhahaahahahahhaaummhahahahahahahahamamamamamamammamamamamamamamamahahahahhahahahahahamamamamamamamamamammamamamamaammamamamamammaahhahahahahahahahhahamamamamamamamamamamaahhahaahahahahhaa
ghrr
gurh
i also
yes i do
don't do
cooking
gotilla
jo karna h karo
chinu
6 baje
gunie
khdus
ha just abhi
not gud
buddy
gatu
sure ?
k
karis
natak mat kar
ol btao bby
kida
iloveyou
kide
aajaoo
ha he
kidi
i love u too jan
ok luv
thonu
aahha
behna
fir baby
mota
oh !
bolto
txt
sneha
pahle se
dnd
bs thk h
cheating
ithe
dnt
din bhar
or *
k sath
kya chup
oh k
relax
voh
hurt
99
maaf kar do
taklu
hmmuuaa
hole
jma
bol bhai
ha januu
jbrdsti
han thik
eslia
divya
abhi time hai
karu kya
first time
now go
or k
kab bola
or h
example
esliy
m soti hu
chutku
aacha hua
hm ki
done baby
no bby
want
i hope
hog
hoe
i miss u too baby
hon
hoo
yha bhi
m ghr
hoi
hov
padlo
hot
hou
hor
nhi jan
same 2 u
ho **
bava
urs ?
kaha gye ?
wrong
i wont
aajo hun
kitna
babu sorry
aap bhi khalo
hmm pgluu
shreya
guguu
kya bataya
ha baka
vohi
hmm dhana
motka
bulaya
by mistake
isilye
motku
get lost
kya chal raha
di h
munnu
yeah yeah
brkup
fit
ji ha
fix
munna
fie
frse
fil
photo send karo
good morning sona
baabu
mujko
chapti
hm bhi
yaad aa gya
photo me
sweet dream
sayad
go *
mai nahi
mane ?
kya ki
ummhh
ummha
ok jee
a lot
lgalo
ese e
kya kr
ha thike
allaa
whii
pe *
oty
message
hug chahiye
pata h kya
rt
ru
khana kha
a6a ji
haan re
adat h
rs
acchi hu
re
bilkul b nhi
smj
take care of her
wapas
kaisa ?
ri
rj
tu *
chng
1 bj gya
khrab
jaldi bol
swtdrms
jyoti
dekhlena
thk ho
sorry mt bol
abe oo
scchii
ha kar lo
ato
late hoga
atm
sahi
kaisa h
att
tu c
clothes
tu h
tu k
aslkm
aa gya kya
aapko kya
ak bar
ar aap
just now
chudel
dfa ho
mar jao
wase
aahe na
legi
sleep well
hm kya kre
i saw
kya karrin
bo to h
bavu
aslkum
be strong
legs
kis tym
puchuu
bhosdiki
bana le
bhosdike
any doubt
jao yrr
tmhe
nhi sunna
shayad
ek dam
hayy
suree
haye
ja tu
nah nah
btao ji
hud
10min
alaa
aapn
chaki
bebo
had bf
bhari
aapp
blkul
lve u
rukna
chupke se
kayo
nthi
ab kaha gai
wokay
kaye
alag
kaya
esa kuch
samjhao
kayu
mummy kaha h
god knows
meko laga
huh
kariye
g bilkul
har din
shalu
hut
kiye
karra
maje
dedena
camp
maja
dummi
kaha kaha
haan shayad
came
mko na
terese
kya bolna tha
gajab
thak
ammi h
apko pta h na
thai
theeke
tu suna
theeka
aap ki
buss
aap ko
theeku
itsok
theme
gd nytt
mottoo
meni
mene
my fav
mena
badam
kya bta
puche
bhejiye
puchi
honde
dhyan
don't want
puchu
allahabad
new
jldi
ek bhi
dusri
aadat
bol jldi
kallu
dusra
dusre
aur papa
phrr
samne
aa kr
pada
dahi
besi
pade
baat ki
padi
abhi abhi
chl be
hmm sari
faiz
sacchi kya
dobara
goodnight
hmm ki
result
hmm kk
chus lo
kar raha
ki ako
ha say
best
aap kya karre
hmm bahut
m gud
kuch bhi nahi
dophr ko
fir so gya
ooyyee
nahi hui
tuhanu
ye aap ho
choda
nature
chodo
kunal
chodh
baby ko
chodu
ekdm
bujhilu
here
wtf
kti
ab khauga
screen shot
accident
love u 3
aap karo
m b thik hu
nhi be
aur sunao ji
ho aaya
are ok
nhi bs
no re
bhyy
tym ?
aane ka
sorry bolo
matte
bhyi
matta
250
lv u 2
fre
ghochu
dupari
r u ok
kaam kr rha hu
nai hoga
ban gai
life
crying
chloo
tu so
aau kya
m done
i'm sorry babu
dek liya
bolo aur
suar
gm g
ajmer
betaa
kya nhi h
renu
tuc mre
itna busy
kya ho raha hai
theek aa g
btari hu
marji
ha acha h
aadil
marja
hone
hona
khaibi
honi
baho me
hupp
dekhoge
dekhogi
aapna
tiffin
phale
jutha
loo baabuu
tc dear
m bola
ok jaana
topi
bilkul b ni
tuna
kisne kaha
topa
muaah
brobr
pr *
kamina
kamine
samja na
wahi
ni bolna
ho pillu
9k
nahi soya
ha wait
n *
gg jaan g
re *
hah
hai
haj
hmmnn
hal
ham
duffer
bir
hab
hihihihihi
had
hae
hag
hay
kya 6e
aavi gai
haq
har
has
hat
hau
hav
bnd
khane me
hhahaha
chai p
n n
ok carry on
chuso
kahin nhi
smjha
jiko
gadi
ny na
hnjiiz
ny ny
chepu
aikna
10bje
mrzi
in future
old
ole
oli
easy
oll
olo
class m
nahi ki
acha h tb
chal na
aaram
for
na ba
soti
fog
uma
na bs
umm
accha thike
fon
umh
class ?
haanji bilkul
thank you bhai
post
ok thank u
hua kya h
bolo na ji
liyo
ankit
kr lo baat
bandar
bolo toh
babu nhi
kya hua g
sod
malum nhi
tm jao
kissy
honeymoon
mba
son
waitt
hallo
haan to
tame
uumm
soja babu
jann
jani
jane
jana
happy
samne se
haa hai
chalo accha h
ottee
back
iska kya mtlb
kya kare ho
hmmhmm
kiss bhi
kch kha lo
abhi time h
congratulations
laye
pese
a cha
laya
kanjus
* u
ha ne
abhyas
* h
study well
jayge
accha aisa
jayga
yes yess
ha love
late reply
khu
khi
kho
khe
sojaiye
i kne
maan ja
i kno
chal pagal
h ye
sone ki taiyari
akle
mri
ha sacchi
as u wish
ky yr
nantar bolu
kah gye
i m coming
ab rest kro
nxt
ja ri
pta nhi kaise
shabaash
blo
time
asli
apne aap
thik hu babu
oh please
kya gya
sun gya
acha listen
k bolo
free h
i no
90
ky h ye
davai
bhata
gm jn
buddyy
poori
mumma
thandi
adnan
poora
krlo call
thanda
bilkul nahi
vey
saal
acha se
macha
okok
chal ab
machi
10 min ruk
hmm dekho
u don't worry
free ?
ha batao
acha ttyl
a re
kya hora h
waah beta
shodo
exact
uummaa aahh
haatt
leave
haath
with whom
ha ashu
ho g
soorry
mera kya h
k gn
nai *
ha hubbyji
good ji
meli
zra
or g
mela
and take care
mele
konsa kaam
ho *
allah kasam
kya krte h
carry on
lagech
knock knock
to thik
address
alone
nai n
all yours
nai h
muuha
krlo babu
han ji jaan mari jaan
hyee
hmm nice
nice one
nai chahiye
nahi toh
mmuuhhuuhhaa
jao *
aaccha
jbse
i love you to g
i mis u
fake
akele akele
say noe
dekho aap
angry
kya chiz
gya tha
ok ma
hmm ha ji
accha bhai
ho hi
choll
kya chij
jaake
pasand h
chiye
jao g
aaegi
ua
chello
aaega
ghntaa
everywhere
kata ku
baby sorry
n ol
haaji
missing uh
kch nhi babu
krlunga
ruha
krlungi
aap b so jao
am serious
uummaahh
muaa
kamin
aaram se aana
karte hai
kay mahit
awesome
priyanka
pawan
bless u
ya ok
waaoo
kuch kro
usne
gayab
scooty
unke sth
drame
bol aur
asech
date
aamir
ha koi
tu aaram kr
sy
ss
sr
sp
sw
st
sk
si
mango
same h
kya pr
sb
sa
manga
se
sd
koni
kaise ho g
konn
kono
ha karta hu
kona
kone
khub sara
okay baba
ttn
nhii too
vahi na
avunu
kru kya
jie
heheheheheh
how
ssa
abhi nhi yr
waiting for you
avii
(red_heart1)
avuna
so rahe ho
sang n
ohk ?
sochna bhi mt
jaega
bekar
maine bhi
ab jaao
kaise ho ?
i knew
bbi
k thik hai
didu
aapke paas
aarti
hoy
tu kaisa h
r kya
chhod
padhe
padhi
padho
kk putt g
kch bolo
utha hu
abhi tk
khana bana
dukane
bhot acha h
ladies first
y baby
seriously
don't lie
milegi
i am going
at what time
all fine
neend ni aari
12:15
kre
training
bahutt
dekhoo
my fault
oo hello
thik u
muchh
sleeping now
thik b
haan kya
bolo bbu
chubby
to nhi
ha janta hu
open
onu
kaha ki
sayed
i know babu
so please
bsy ho ?
achi h na
ab so jaa
ol babu
typing
bitu
no words
kuch nhi g
thik ase
theek tha
all ok ?
thik *
bolo bby
eni jldi
bubuu
kya or
online aa jao
tke cre
ok jaa
lddu
are thik h
sai
san
sam
look
sab
saa
sag
saf
sae
sad
nicee
allee
sar
hukum
sach bata
pani puri
sat
busy ho ky
kal h
kya kya h
auchaa
nahi jana
zoo
take
taki
ek aur
kk done
sali
ha pr
boys
sala
phil
drive
su thau
bade
phit
bada
kya aaya
ha pn
badi
ki ho gya
m so rha hu
u study
motki
thik h na tu
behn
bolo v
anshu
let it be
merii
haaiinn
kida g
bolo b
yahi na
slow
jo bola
kaise ho babu
ab chup rho
lekr
going
kyu sorry
leke
bby
acchya
msg karna
shivu
pdai
aur kb
bolo *
ek number
idhr
ar kuch nhi
yo bro
kuch bhi btao
ab uthe
tike
yes u r
in shah allah
sharmin
aage se
anyways
ho gaya ?
na jan
i need u
ummwwhhaa
call kare ?
enjoyy
bohut
shi kiya
m nhi krti
uh
km bolo
to bola
gnsd
gappu
continuously
kitna tym lgega
2 din me
i got it
khaana ?
manu
aadat h
samjhe ?
ab kya h
ur choice
ok leave
mana
s
mand
mane
one min
mani
ya kuch
can't
mano
kadhi
sai m
soch k
3000
koe nhi
ante
ha betaa
kinna
better
kinne
karoge
kinni
sorry for everything
dnt reply
uummuuaahh
yehi hu
puchta hu
bachaa
khaliye
bhava
is time
single
ab kaha ho
situation
pata h
shanti
pata n
ready ho gaye
ab bol
ar kya
ftaft
aati hu
pinky
broo
hey love
pinku
what's app
ab so
hnji mri jaan
ha bitu
hai yr
otte
haan jigar
and sry
han go
vese bhi
bol babu
wps
cheers
are ku
bilkul v nhi
luv u h
tinku
ohk na
bus ma
hmesa
i beg u
hubby
i lov u jaan
6:40
duty
acha thike
g night
rest
gdd
roz roz
gd mg
likha
rahe ho
asha asha
likho
don't no
kabhi *
be happy
ni mila
biju bolo
i love uh 2
penty
daru
my jan
sumo
hnhn
dara
dare
dard
in love 2
kiss ?
nothing like that
goodmorning baby
baat nhi
dhkkn
uii
ky babu
classes
yessh
nahi aata
karne do
kya bolega
hehehehee
jgh
sb ko
mt khao
so gae
krnge
hoja
noon
haa jan
exit
noor
best frnd
aapko
hoju
khai khana
mai hu
sacchi bolo
aaja
love u baba
i love youu
mama k
shna
dekhu
a6a
ha aa jao
acc
aca
abhi dekha
ky ni
never ever
i luv u 2 jaan
jane de
ohoh
ohok
hmm btao
jhop
i luv u too jaan
bdia ji
teeno
bje
kya baat ki
kha hi
utha na
hosiyar
wada
makad
no babu
g bolo
her
ke sath
mdm
aaiinn
hee
missy
ha na babu
hmmji
hen
heh
hei
video dekhi
aapke sath
so ja tu
kute aahe
ha have
btata hu
with
handsome
hamko
mujhr
new year
varun
marne
nalayak
marna
mujha
khana kha lea
assu
agree
care
aa
ha nhi to
ac
k jao
ohi
ag
ai
ah
ak
aj
am
al
ghr wale
an
as
au
at
aw
av
ay
alone ?
cream
so jawo
yoga
pehele
miss u ji
kabr
puppy
agy
ab bus
hmm theek h
khiye
o no
thora
nh pta
alag hai
aisa na
having
kya hya
original
u tell me
chumaa
aap ne khaya
mns
nikita
m kya
nangu
mni
bus bus
bye now
mna
mne
mng
aaj na
ho babu
ajana
tv
tw
tt
tu
tr
kis k
tn
tl
tk
ti
smile
te
tb
m so gya tha
abhi thik h
paggu
pr yr
kya waah
achaji
ahmm
haa betu ji
bich bich m
bas kar
sanu
ab thik hu
hahhahha
sang
kaha babu
2 hours
thmb
chal by
sana
jauga
rk
thode se
by god
haan jaanu
bejo
harsha
kal kar lena
lip kiss
harshu
kru ?
kis baare me
k tc
bs ?
bataungi
ok to
bataunga
jaare
bs *
has lo
okk thk h
kya hogaya
hasn
haso
hash
hasi
gandu
11-12
hase
hasa
vomiting
ganda
gande
han bolo
gandi
kuch kaam
hass
ok take care
aur kiska
pta nhi babu
apko na
experience
bs h
baat krne k liye
perso
pick
bhudhu
hi bro
janna
are bhai
aa raha
kr fr
dikhta h
padega
aa jao ji
hor ki krde c
khud kro
o o
chapu
o k
akshay
ka re
saurabh
thika
khana ban gaya
thike
more
ka bola
door
teek
aacha sun
hotty
dai
ate
o kida
call nhi
will do
hunda
jao fir
haapp
kchni
kle
kolkata
thu thu
ky are
t_tt_tt_tt_tt_tt_tt_t
bhi nhi
o *
aana h
1 din
sent
bs kya
ha chinnaa
mmuuaahh
bhi to
mntl
i was joking
nah re
ludo
prso
class m hu
i love you ji
call h
kyu by
khalaba he
aap dekh lo
are nhi babu
dodo
k liye
mere wajah se
click kro
maaro
uffo
ho gya babu
aai bdi
mare jaan
maaru
next time
nhi kra
suniye n
aesaa
haa ky
bs bethi hu
oh baba
haa ki
k mahara
as usual
abhi ki
nahi aaya
abbi
areyy
abhi ka
ab batao
attitude
rehnede
kha liya babu
baad m baat krenge
pani
rehnedo
alle
tuhada
alla
tuhade
dammu
tuhadi
nhi kya
aur *
ooww
(bad_smile1)
aaj pta h
ji janaab
dedi
chale gye
mmuhhaa
di se
dede
abhi bolo
always
i love u ji
2 min bs
aur g
okayy bachaa
dnt msg
cc
no need
status
batata hu
rashu
rashi
clss
lakin
aap ki kasam
no yrr
really
try
lipstick
hmm !
hum log
bubbu
sach m ?
hnnm
aahhaa
mera hai
hmm 2
hmm 0
hmm ?
offline
k btau
to suno
imagine
bas yr
change the topic
nindu
bolenge
hmm m
kya krta h
hmm k
hmm j
ab nhi hu
hmm h
w
u shut up
is ok
kya tu
aisa kuch nhi hoga
chhoro
kya samjhe
super man 1
radhika
i will tell u
jes
rakha
hott
jev
hm janudi
rakho
dfr
hote
rakhu
jee
tatu
ya babu
apum
break up
u sae
relationship
haa too
mai na
ha thik hu
krra
home ?
mjak
aae
aag
jao ji
hmm honey
yaa yaa
aam
aal
aan
aai
tumme
aak
aaj
kua hua
tummy
aaw
aav
marriage
aap
feku
hn na
bhl
bho
bhn
bha
ntg
kha na
bhg
bhy
aammuuahh
aaramse
padta
bhr
bhu
bye putt
my mistake
chl thik aa
chuup
also
without
nhi mile
alsi
padhne
are to
padhna
hga
ya ?
enjoy kar
hoti h
5mint
kaisa gya
ya *
plan
shonii
khane ka
yhaa
bhout
hao kya
lubb u
sometimes
m happy
mujje
sadi k bad
aage
ugh
all urs
bs fer
ki hoa
goli
aagi
ha hogaya
jnab
golu
ojj
kadi
vo nhi
hoshiyar
kado
missing u
kade
ye theek h
na de
condom
kite ni
kadu
i am back
oh avu
uske liye sorry
sunny
ha bilkul
mujhe bhi jaan
to hve
aap ke
ghar ho
dikhaoo
aryy
aisa kya hua
ab dekh
cry
be positive
shaant
jst kidding
exercise
kafi
dekhde a
body
not interested
khana kha k
hao g
lea
pura bolo
ha mera baccha
sey
see
jadu
hum b
kya krne
so sweet
muuaahhaa
aaj he
bhai aa gya
leh
rite
busy aa
are kai nai
ati h
hottie
bahot jada
or na
nikal gai
ye tha
ya right
khilao
aj to
so jauga
abhi thodi der m
thoo
pdi
pdh
thod
pde
pda
* tha
sunle
ahemm
about what ?
ab smjhe
baat krte
ha toh
dete h
bbye babu
ok ra
1 bar
ok re
no way
kevi rite
aai thi
bataiye na
ahhmm
mine
aapi
puch k
mla
jaao tum
ho kaha
love u forever
ek din
hu mai
seema
32
dhyaan se
kr di
plzx
voo
chal jhooti
kr de
sabhi
moto
apjo
mom thi
moty
kal parso
dar mat
funny
mint
chl gya
yeto
g nahi
u_u
ha hoga
ab ??
bol raha tha
bas badiya
haana
ab kya btau
knn
kno
ab kuch nhi
i ll try
jaaiye
kne
hmne
kna
knw
block kr de
kaddu
mnje
usi time
thank uhh
tikh h
gunniee
so hot
jlli
ha ruko
main v
bawli
my god
aap so
dhat
aap se
bheje
tere liye
khul
pakku ?
sone de
khub
sone do
acha bye
d
love uhh too babu
shoonaa
m kr lunga
haa ik
kkr ?
ji haa
ohkiee
bas fir
maine *
bolo tm
tym
kem su thayu
ka pta
pali
ho bs
b6
n sy
a k
arm s
kisliye
kaafi
no idea
good night ji
yaha se
babbyy
theek h na
bd
be
bf
bg
ba
bb
bc
oouu
bm
bo
bh
bi
bj
bk
bt
bu
bv
bp
br
are wo
santi
jaruri h
dijiye
anything
achya
sakshi
ahhahhahh
regular
wat u ate
nahi hoti
chi
hona chahiye
hm kya bole
nahi hota
ab nhi h
chalega ?
krti ho
vaah
sab *
klo
ha kia
babu ek baat bolu
kon ho aap
hike par
prachi
aahhoo
milne
abhi leta hu
suit
kukur
m bhi hu
aap so jaao
jannuu
lgaya
okeyy
but it's ok
link
line
hanji pakka
lina
doo
kuj b
cia
cid
uu
cal kr
hm bacchi
up
us
um
un
kasa ahes
hn thik
uk
han g baby
pgluu
uf
kya vo
chaa
chad
chak
chan
achank
chal
haha nhi
chap
gee baby
majak
chat
baby yr
ahann
tari
sochle
noko
tara
shaadi
isiliye
k good
bichara
thinnava
bichare
hove
aacha paagal
bichari
kismat
taru
khadoos
huh !
ata h
ghumo
chup karo
ghumne
what can i do
land
kha jauga
ohka
age
ab ky kru
ohkz
or kya h
fresh
aapko nhi pta
ye ni
agr
kha lu
padhle
code
aaj sunday h
padhlo
shu ?
tata tc
so na
saree
aa jaye
babu mere
ne *
sang ki
send
krlo g
na ave
mera maan
sarey
bsdk
ha (face_palm)
bhaad me jao
aur to
aap kyu
saag
gya *
and all
ki koni
aap kya
axcha
aur tu
tri
bolo ma
aaj nhi
tra
aythu bedu
tre
eve
yaayy
lga diya
u come
kaun ?
maharaj
aswk
kuttiya
evu
aaee
ye pic
odi
i did
odo
oda
ka hai
o ji
asap
hm bbu
na jn
uhmm
na ji
getting late
na ja
aap ka
lec
lee
lovv uu
thodi c
gya ?
no call
leo
rkha
let
lev
chalta h
ley
kaha chale jate ho
bhaiyaa
saab
do min
acvha
sirf
asaa
acchi thi
is bar
sirr
baby mera
ldai
btmeez
adsaa
love y
ha putt
ave che
tussi
next
doubt
accha lagega
baba
jhoot mat bolo
babe
sab theek
sona ni
muaa muaa
ghumna
babo
ha vo
ghare
love 2
nice joke
baby
srf
ghari
aata hai
1 hr
bhaag
how u know
this
badhu
kuch nahi kiya
suchhi
bhaak
kiska ?
hgya
aa gai ghar
kch khaya
sabb
tbse
saba
phon
agya ghr
akdu
samko
jao padho
pcch
krri hu
karan
gulbo
so gaya
baigan
accha bby
ab kaha
ab ja
lu *
comedy
bndr
fir abhi
haww
wallpaper
itna hi
hawa
isse
ot
mja
mmhh
mjh
ab ye kyu
aap meri jaan ho
mjk
kai bolu
ab ye kya
cutie pie
i agree
mute
ha bhai
purana
call kru kya
apla
heheehe
perfect
jode
khana hai
aorry
u thr
babu please
ki dasa
2018
mooti
kisa
neche
kam tha
hainaa
kya dikkat
kisk
ab ni h
kiss
khaicha
aur batao ji
aaya nhi
jese ki
game ?
badmas
ha dekh lena
truth
bettu
jao babu
doing
so swt
bhutni
books
krlu
net bnd
banao
bay
meto
lol ok
ladai
pachi vat karu
aana hai
ha moti
kha bhi liya
thodi thodi
karna hai
mele babu
uppr
shut
shuu
shabash
ab kya kare
j bb
ha ho gaya
log
good morning g
apke upr
bnd h
uummaahh uummaahh
kal pakka
bah
yuup
dekhta hun
bai
just like that
goodnyt
khani
ar kch
ihh
areh
padh
ha sunao
aaoge kb
nai sona
bs baitha hu
stomach
hihih
nhi ha
cal ?
yupss
se *
pado
hav a nice day
shaadi k baad
baabuu aa
pup
sorry meri jaan
babu kaha ho
gayb
gaya
bsy ?
headache h
gaye
hahahahahahahaha
kal milo
ehh
khair chhodo
call k
i love u na
r u there ?
hamare
paani
hamara
ki hl
aahhmm
aisa bola
issh
kha thi
ketla vage
kuti
aisa bolo
kute
okkaa
kuta
muummaa
atia
dhan nirankar ji
kuch b to nhi
thik na
awee
sexyy
zabardasti
dekh lege
babes
u said
netwrk
no tension
*?
kk babe
terii
ha n yr
ha bhaiya
man nhi tha
aagyii
medam
hm sorry
kuttee
hmm wahi to
if u can
oka oka
nd all
dekhti
fact
chodi
am waiting
kya malum
aah aah
jay
jav
jaw
not possible
jap
jan
jal
jam
are deva
jai
jae
jab
hope
jaa
abbe
abba
he he
abbo
lucky
dnt wrry
abbu
ab kaise
aisach
dekna
lali
aey
h
lala
wat happen
ni dekhna
gbu
aee
ye le
aei
sogaye
aem
jai ho
jawab do
btt
!?
chodd
lazy
nlyk
bte
cheppu
basichi
meri princess
wtt
kisi ne
shonee
ek sec
bsbu
kuch *
reshma
etc etc
paglet
1 bje
hajii
hmesha
kay ?
haja
hajn
haji
haju
are koi na
haye ram
hkya
fir kabhi
kete
etc
eta
chalo theek
bsy
ll
mmuuhhaa
nh re
cal kar
ci
ch
cm
kch nhi h
ca
na ho
aachha
okay na
ohk ohk
cs
khalo ab
ky karra
aaya na
dekhege
dekhega
motti
in bed
muwah
chle jna
ha sayad
kahi
waste
lgi
lga
i will miss u
lge
bsy ho
abhi bol
laadu
lgu
khana khaaye
mauu
my love
love u 2
yad aya
m aa jaunga
gol gol
hahahh
va
hehw
kaminey
vg
ab soye
manisha
adsa
sogye
vr
vs
vt
ok babes
kya hoya
bta tu
offoo
mai ?
romance
hmm accha
s2u
mai *
balo
phh
thke
ek br
bali
phl
thkh
drink
bala
sunao na
accha jn
dust
vo hi
audit
off
hote h
asked
naahi
fail
ab kya ho gya
bs fir
ha dekhte h
gullu
ha chal
zuwa
jaona
me nai
accha batao
kya kra
chhii
aap bhi sojao
kya kri
tym lgega
otay
ha bacchu
wed
wen
day
wer
nhi h na
vichar
aacha kk
keya
nvu
aata hoon
nvr
ahhaa
hauu
kl sunday h
ohkk nunna
ye kha h
mhh
mhi
ky hoga
kuch to h
aisa kuch nahi
hai hi
brabar
go safely
asha le
varna
jando
jojo
literally
joje
jande
kaise ho bhai
shone
love u too bbu
bandariye
bandariya
are plz
shonu
chipkali
accha ho
bandarr
ek dam mast
accha hi
ok b
aith
kaha chale gaye
koi nai
ok j
ok k
ok n
ayu
aata h
haha ha
dkhnge
krr
haha hm
shoes
kru
boliya
krk
meraa
krn
ok chodo
hua *
kra
nhi dear
kaha gaya
mat bhej
bhook lgi h
sholly
h mm
love u loads
sapna
haan baba
tu b so
hna ?
mmuuaahhaa
ankush
kai karte
yrt
yru
function
phirse
busy busy
lysm
bandriya
kaha jana
ummahh
apni
aagya m
fight
sach ma
thodasa
is it ?
problem
okayz
khala
nhi kregi
khali
right
khalu
bhag jao
tu busy
areeyy
mtlb ki
10 tak
hpp
sohne
kya socha
sohna
sab jagah
tu pagal h
mishu
sohni
yashu
a66a
naya
kbtk
bholu
wat say
i really love u
hnjizz
pocha
change kr lo
stay blessed
kispe
mujse
(bad_smile1) (bad_smile1)
khel lo
alo
ciao
lvu 2
khalia
auto se
hare krishna
ha di
es lyi
kuch kaam tha
bol raha
hmm theek
tk *
sogi
khana khaya tha
bl
kya bole ji
i love u a lot
boloo
hhehehe
chodoo
bandri
blanket
mata
but still
lecture
ala
dikhaya
padmavat
tk h
mera muh
thik h kr lo
khana khalia
o_oo_o
metro m
aap kiye
26 jan
vaibhav
ree
sachin
a6aa
hora
galat
hore
kha lya
hori
chhotu
aly
aww babu
chee
aap bhejo
gugi
panda
h naa
ab dekh lo
sbhi
abhi so ja
26 ko
i knoe
tk care
ghnta
shutup
mubarak ho
den ?
busy hu
ha yaad h
bus stand
bilkul bhi nahi
kya sab
maa h
bhup
study
bhuk
zeeshan
bhul
krliya
glt
uspe
bol fir
h hi
republic day
bro
mast laguchi
total
brb
apna btao
aiyoo
gn jsk
sweater
gandi ladki
a rha
black heart 1
program
bht cute h
is
loveyou
chup chap so jao
kebe
hahh
ha gya
hmm ??
nko
final
hahq
kha lia ?
cant
tne
nh toh
ki thi
kevu
lets see
na b
na m
india
na h
aap kya chahte ho
abhi jst
so beautiful
hm i know
r btao
bass bass
no worries
i am hungry
akela
soni
ate ?
ab dekhte h
lal
dho
fever
theek hai na
lad
tu padh
after
na *
smji
aaliya
kaisa laga
kya karne
na ?
adii
dumbo
sono
m serious
ha sare
abhi batao
ate h
so jo
strt
kya ho rha h ji
haaww
choriye
hasto
vo thik h
jabardasti
aacha tha
soti hu
ha budhu
feeling better
ku bby
bht jldi
li thi
aaiyo
dairy milk
kch khaya ?
aaree
cheppu ra
banu
them
meko *
thee
safe
bany
budhu
break
band
they
cutiee
sona ji
bata *
u r so sweet
chl so ja
l
karo fir
hone do
mrne
bas ho gaya
yes ya no
jao pdho
nai babu
not fair
yahi to
biju kai nai
nai baba
logo
bhabhi h
but kya
m bolu
nikalo
light off hai
isme kya hua
congoo
nikala
dikhata hu
jldii
ab nh
han baba
i know yr
i love u more
tc ha plz
janudi
nth
nonii
aacha g
lollipop
jaldi batao
puttu
padmavati
dekhne do
awle 2
tu de
dekhna aap
aacha suno
thak gai
bohot
bahot jyada
li h
raatko
call aaya
haaha
dogi
to kha le
tea
hello g
axhaa
ke *
block me
kurangu
tee
naho
karda
ek kaam h
nahi
kha par
kardi
kardo
hello ?
bsy h
beba
waah g
hor hun
ar bolo
copy cat
tez
jaldi aa
mmuuaa
kto
ha my angel
kte
don't ask
kta
sonali
khelne
u nu
bolke
bol or
br br
u ne
kpde
u na
to bye
same time
ypp
kya bbu
amna
sweet heart
kya bby
realy
ok bby g
auto m
noonnaa
aunda
jhalli
kuthes
olkk
aabe
miss u yaar
khol
isleye
best h
gusse
auna
apne kuch khaya
come back soon
din *
samjha kro
han ky
hanni
nana
mithii
gud ngt ji
hr kuch
haha hnji
hm ty
kiya he
hm to
ema su
hm ta
abhi uthe ?
hru
ha ruk
dso fr
ab bolo
karo aap
dm
dj
dk
hmm bol
di
dd
de
da
bolega
ha bchhaa
dx
dw
bolegi
du
dr
abhi nhi h
nhi ta
acha han
gd nyt babu
sara din
emm
nanu
emi
tek h
bola *
yena
aetle
hmm done
t shirt
jada mat bolo
depends
pehle hi
inna
o_o
w8
ohh sexy
uummaa
theek ho
lovu
babaa
awaz
babay
awaa
kya chahiye
tu aa
abi *
(fake_smile2) (fake_smile2)
atul
awaj
babau
theek hu
uth ge
h baby
wd
kia kr rhe ho
h babu
sab kaha h
hak
ws
wy
kitchen
plezz
mmwwaahh
ila
kuttaa
ghar jao
ayush
cal karu
ilu
cal karo
pagal h kya tu
com
do mint
jo hukum
ok moti
jayo
jaya
me na
ki ha
uthna
jayu
nhi aa rahi
loosu
aayi badi
gn8
gajar ka halwa
m coming
pglo
ahh le
thoda ruko
sachh
pgle
sweetuu
a jaan
krne
baua
ani tu
bauj
bde aae
hap
madarchod
oty bbu
bujji
hmm darling
okkei
air
aapke ghar
aii
jruri h
kr lu
kabse
gnn
ni jan
mistake
ha aa gai
paglii
sticker
h ji
h jn
sleepy ?
muhha
ki nai
but ?
all is well
oye moti
kya kh rhe ho
kay nai
mila ?
bula lo
b's
bunny
babee
hani
nin
ayoo
jaldii
hang
nid
possible
jiya
darlo
bye go
on
nit
thy
1 tk
dekhaa
thu
tht
ths
thr
mamma
bolo ge
n h
na li
v good
kale
na lo
kali
kall
acha ba
lick it
i want you
godi
kalu
this one
do one thing
ak baat bolu
godd
hahaah
tujse
socha
abhi ?
ha sona
it's ok babu
aur koi ni
ma'am
jaldi jaldi
yoyo
khoob
yech
kya puchu
1 min ruk
bhagwan
gd boy
see u
bike pe hu
so soon
hmm good boy
snap
kriye
badhai ho
aram
aap gussa ho
aisech
soch raha hu
bpl
are baap re
mit
night
accha baba
pata chal jayega
dsa
i had
haan bs
ok babau
goluu
chalenge
jldi bol
m busy
bore
nothing else
kya bye
bo to
big boss
aye hye
wat hmm
jldi bta
asking
may be
bahr
joi le
jauchi
fir aao
bahu
on h
plx
ple
shukriya
pla
fir aap
aapko pata h
bahar aao
bhago
chahte
jaadu
chhat pe
kya kaha
ola
are hao
otee
i guess
wese hi
motuu
kya koi na
paya
samee
wao
kro g
wai
jau de
sb jgh
waa
ale le
way
mat kar
waw
mar ja
wau
wat
was
are bol na
piyu
bite
yr sorry
true
ladka
ha aisa
gdhu
joke tha
kro *
gdhe
mtb
to hu
sahi batao
ungli
call karun
bola tha
request
molu
hmm sahi kaha
pila do
happy ?
hahahhahah
zalil
bohat
ratko
sht up
bie bie
naji
to barabar
2mint
hame bhi
dakho
kvi
nhi re baba
bohot sara
aankh
kya aise hi
ye nhi pta
blah blah
koi shak
beda
hiio
bedi
vc karu
together
haha accha
pta a
mil jaega
i really love you
bol ma
badhiya h
isme kya h
dance
fr *
u hi
anand
g *
ky aap bhi
bolun
u he
aajoo
humn
na karu
huma
ho jevli
meenakshi
khele
nhi ab
jhoothe
khelo
fr u
g n
khi ki
aapne kya bola
tera ??
accha bby nicee
g g
bhindi
bhej dena
i can't
vry funny
aane do
nija
hun bolo
turnt
p
bhle
mmuhh
bhla
kis din
bola
hta
hai ek
ekta
ko *
bus m
kem ?
are are
bura
sab kch
chotu
aaoge ?
barbie
oaky
hmm lado
b b
chota
bahut
order
choti
call kar dena
theek thak
bus ?
ya nh
haaee
aap dekho
nini aari
changa
aagye ?
nikal
teacher
change
black black
kanna
ji begum
behan
ha ye to h
jne do
extra
heena
kb doge
ha bachaa
heenu
ha kay
i dnt care
ha kar
arfat
cutee
so baby
live
lgti
ninnu
club
gud h
lagaya
bolde
ok buggi
usko bol
vaahh
kasam
ibb
cap
and thanks
cat
ab chup
boldo
cab
ganduu
noii
heart
ab samjhi
call krle
tu kya kar rahi hai
bura laga
agyan
galei
sshh
chil
lovee uu too
hakya
by yr
agyaa
tere bina
ab tata
,,
means
hein ?
dp *
from u
hamna
ab aap batao
aap bhi jao
bawa
good news
dekhna padega
ha bata
baat karne ka
ha jee
ya boo
?!
alhamdolillah
remember
ghe
m so jau
ooffoo
approx
fir kya h
b happy
all done
apum g
madrchod
chupre
dhyaan se jana
cold
wau ?
ahan
enna
ji meri jaan
gawar
nol
marzi
noi
guggu
aur aapne
kanjoos
hale
half
late h
hall
halo
love u too sona
lier
ishika
haa jivv
hmm jnn
magar
kyny
kero
hmm sayad
to soja
em
kano
en
eh
ek
ee
are *
clg me hu
eb
ey
yeap
year
ladduu
calling
jatin
es
ha tu bhi
accha h na
bilkul b
bss kr
chaliye
mine too
are h
lalu
kya huh
majak kar raha hu
lijiye
card
badhiya hai
ha kar liya
nai hai
chlo babu
jaise ?
han re
anmol
fe
doctor ko
likh rhi hu
aramse
tu soch
ab khus
aap do
xx
directly
15000
impossible
ring
chlo ok
size
yedu
silent
ek hi
bb j
jano
ya love
sahi a
sahi j
a
sorey
mostly
swty
baji
jane dijiye
faizan
khana khae ?
punishment
naanu
vishal
baje
hai bhagwan
2min
aur aapka
chade
kaisa h ?
ni sona
chado
aur aapko
bhais
aamu
mrji
bhaii
hmm dekh lena
huumm
kr call
biju bol
ye kya baat h
angel
theek g
net off kro
loko
ab bs
breakfast
ab by
take rest
hm bolo
tckr
it hurts
kyunn
acha jee
haramkhor
badmash
price
haa my janu
theek ?
bataya
ruk ab
forever
to ni
hnji bilkul
to na
isko
tum log
iski
fb ka
hmmnm
kya howa
mrg
iska
bsby
yash
rahega
ok thik
bad
achha sugu
maini
fattuu
ky sunau
maine
nale
movie dekhne
ghar kab jaoge
only
aing
umhaa
daal
baithe ho
jaldi kar
are batao
little bit
aamin
sathe
ha sorry
bbay
kaha aau
huii
tera ?
mashaallah
sonal
sonam
kab khaoge
sonaa
baith
bina bole
apko ni pta
koi *
mwaahh
fir kaise
msg kr
vishu
husband
bol ki
ab toh
pdhai kro
god promise
hmm dear
kalji ghe
hmm kha lo
kya accha
mujhe krna h
ha bola
g ok
to su karu
sbse
aajii
fir krna
ander se
ayya
full day
style
madhu
pta ne
aese kese
bahar hu
tu kya kr ra h
mmuuaahh mmuuaahh
let's play teenpatti
hanjj
chal koi ni
hanjo
aurr
mona
chal koi na
moni
mujhee
monu
hhaha
aapki pic
ya re
sahi kia
chaye
hanju
nhi ho payega
kya bolenge
tu bol
hve
m leta hu
kaha *
shii
accha so jao
hvv
btaogi
sai hai
bachpan se
ok sure
hto
kab karoge
chudi
krona
mil gaya
achsa
aur boliye
for you
i m fyn
nind aai
lalit
ruby
kya hua aapko
theek h ?
kiski h
time pr
4-5
to kya boli
msg u later
babu miss u
ok nona
sun ko
cut kyu kiya
ok no problem
oyy
henn
uthaya
bakwas mt kro
heni
ab sojao
hene
hena
poonam
akela hu
ym
hi gm
stickers
worry
by gud nyt
aagyaa
food
to fer
hmm thik a
thankyouu
lite
dkhlo
ab so ja
finish
alhfz
ye
bilkull
neetu
ssup
hmm ya
teraa
ummah
krre
ha jana h
hogaya khana
charger
koi nhi tha
der ?
krri
saam ko
are ruko
m so sorry
party ??
1 min ruko
na baka
dikhe
baee
ha malum
aach
bilkul b nai
ys
lgegi
thinking
lgega
howdha
ha jrur
paappu
sbne
6 bje
real
amm
duhh
no not yet
ama
lado
ame
uthiye
aap tension mat lo
ladu
so nice
k n
abji
hmnm
amu
sleepwell
malum
copycat
nhi hunda
kya bhkk
t
gjb
pet bhr gya
rt ko
h na
call kre ?
ho jane do
abhi tak
h ni
ab mt krna
aur ek baat
shi h ji
kaisee
m gussa hu
ek pic
are re
yake
i love you sweet heart
lbbu
kuch new
business
aquib
bebe
chlo ab so jao
70
ja k
nmm
yaass
dudhu
10 tk
chod
o ho
sre
nhi too
itta
choo
chop
soyenge
chor
ky ho gya
dhur
srt
kahu
heater
thikke
no i am not
ya na
mere kol
aacha kiya
youu
kya n
jigar
momos
area
nahi mila
lok
kiya kro
loo
lol
start
aret
kch b
kitha
accha wo
or sab badiya
ha aur
kitho
aww
trying
uhmmaa
ankita
nikal diya
hojao
kl k liye
aacha haa
ok hubby
aacha hai
muhahhaa
merese
1200
kya karta hai
fir btao
kiski pic
sachi muchi
axxa
collg
chal raha
yoi
hee hee
utho ab
saduu
nahi yr
accha good
mat jaa
kharab
ajun
acxha
aake
3-4
bhakk
fir jao
khana kha liya h
chipakli
lobe u too
chordo
bta *
ok fr
gunnie
ab do
month
u n me
1 ghnta
unblock
bta ?
kk bby
ky ky
kbhi
chakram
chup kar
deka
isliye bol raha hu
deko
dekh
dekh lijiye
karu ?
khushi
very
badmaash
horror
hahahahahahaha
uummahh
nanuu
pati dev ji
kya ho gaya ?
aur kya bolu
le *
ho gae free
aur kya bola
ho kya
anam
breakfast ?
nikal de
kaku
ab ye btao
ky nahi
harder
u ok ?
baby please
karni
nbi
agar
karne
karna
nang
ab nhi krunga
busy tha
gudde
gudda
bta dete
kzz
loose
dhanalo
babu yaar
strong
jus sitting
kime
saman
kay ni
samaj
kay na
theek ho na
reason
at all
kuch aur
hm nhi
hoga
jra
hoge
hogi
ab b
put
kya hua bol
hogy
ohkzz
aacha babu
ve
ofoo
ky kre
aajkl
pllzz
almost
ky kru
khay
vi
aaogi
mera nhi
gochu
chalo ab sote h
yuck
no gussa
ab *
maja aayega
khud hi
kb ki h
pta ha
ab ?
i want to know
aukha
call aa gya tha
babu jaan
ninu
muze
1 feb
awe
chetan
badhiya
nini
chlega
history
bolre
bolo to sahi
achese
khadi
kainai
hhe
khada
ooyy
bacche
no sorry
bacchu
babu so jao
fu
rude
long
(face_palm)
nai aari
ff
fl
fn
fo
go to hell
read
aur bhi h
anytime
ye baat to h
ego
buge
dream
helu
sahi bola
help
baaki
phn
soon
dubara
pyare
heli
bas kr
keep smiling
chl koina
sabke samne
actually
baboo
kuch khas ni
cutie
zyada
w r u
fool
yh
barabar
yl
ya
yc
kya bt
kya bs
yd
ab kya kr rhe ho
rehta
dio
vomit
yp
kya be
yu
yt
hmm kya
bhau
tab tak
sameer
krto
l-ol-o
baiko
abhi k liye
dssoo
kayko
bhar
eveng
jawo
infinity
sade
abhe
abha
apne kya bola
man nahi hai
oki oki
karegi
9:15
karege
karega
ass
nahi be
asw
bass
asu
ro le
badi wali
bt still
mathe
ha gg
asa
ase
ask
asi
aso
bash
opps
mainu
aarhi
hnj 8
malko
dis
ku kru
sadu
h g
dekti hu
hu sui jau
ha aaja
bahut ho gya
h m
haa bolna
h a
ny re
kuch nhi hunda
wat dng
hain na
kk thik h
aage bolo
banana
gunnyt
fatafat
sahi pakde
ohkk biwi
jordar
tuc bolo
nhi ho raha
mtlbb
aemj
sunnaa
asch
puchna
ayii
kya karing
kya karre ?
esaa
ji janu
h *
eiram
sth
bhejta hu
h ?
kuch khaas nhi
accha jao
bolana
aapne khaya ?
zyda
karu
thikee
kara
acha hh
kare
(fake_smile2)
kari
bhaago
karo
option
soja fr
acha kare
what's going on
call karu kya
ratri
tu bata
ab shi h
lip
r u der
bhag be
kae
kad
koochoo
rhu
kam
kal
kas
kar
loovvee uu
kuch pucha
rho
wait ha
watt
h r u
dekha ??
salary
audio
ab aa jao
clear
will try
taataa
marungi
clean
marunga
hips
my turn
mainu ki pta
gelhu
jaldi karo
ba ba
kahda
gelhi
ha kha lunga
aur kuch nai
randi
may b
get up
i am good
dinner done
ek to
ymm
are it's ok
tm ??
ek bar
no one
aaii
aaik
ha abhi
gelu
kya bol ra tha
gele
ajkl
geli
aais
bde log
dhudh
hai re
clg ki
a salam
ok da
kiran
close
ok di
aisehii
nhi aara
woo
m free
umm babu
mera putt
ky yrr
missing
ho aao
bhabhi ne
gd mrng bby
hnji koi ni
ho aap
jhutee
10 vje
isliyee
mood off h
bola ho
ha bas
bolo abhi
buzy
kya theek h
ha bae
kya hua h aapko
kreju
thnku thnku
long drive
der se
battery
takecare
iloveyouu
badminton
good one
bdi jaldi
bf ?
u don't love me
i had dinner
karlo
gd baby
rishi
karle
bas to
acha hau
damn
rishu
bata diya
hor ki krde
chodiye
else
kiya soch raha ho aap
aab kya hua
kitna baje
kyyuu
seri da
i am leaving
are haan
i will try my best
i love you the most
kounsi
bad luck
match
never mind
bor
aku nai
lagao
kya hua moti
bukhar
ye nhi
aunty ko
akele ?
theek che
kitchen me
haan laddoo
huwa
kiss u to
ready
hellow
jo pucho
jo b hoga
ky tha
goodnight babu
gd morning babu
shab
le ds
kya hua teko
don't know why
zopa
byee byee
bye love
usee
bauwa
fattu
shruti
h kya ji
aur khana kha liya
gst
hi bby
haa vhi
obviously
chal ab soja
kya bol raha h
shtup
bbye tc
m back
malum ni
iloveu
chora
chori
hje
rahude
sbkuch
koi na g
aap kho
kaun bola
nikki
o shit
r blo
mt bolo
aytu
babu mela
gdn 8
gnduu
game
good morningg
kaam kr rha tha
aevu
kam bolo
babu ko
donno
teek hy
i didn't
jse
you *
urgent
ki nahi
mtkb
bahut jaldi
chalo ji
itna pyaar
ruj
ruk
eating
ye chahiye
puraa
rum
kuttii
jhoot
muj se
tu hi bol
ohoho
acho
haan rey
love u 2 babu
ho tu
bas babu
suto
le aai
hey ram
kab aai
bgh
heen
idr
aajkal
shinu
bgu
boliye ji
chaloo
no rply
idc
ab ja rhe
kav
ha chalo
namaste
kya hua bolo
kau
aaila
tuj
pitega
kat
nonsense
na g na
nashta kia
tada
ruk dekhta hu
show me
baat *
gnde bche
aur babu
ghumao
hui thi
kya hai ki
kumbhkaran
call krdena
koi gal baat
jaude
paglo
aap sojao
iloveyoutoo
dipu
kk bhai
pata ni kyu
lv u
ha ik
abe bc
injection
andr h
uta
baat h
uto
malik
online h
huurr
ye accha h
hua ab
shonya
btade
ha chalega
mera h
kana khaila
andhera
mera v
ok beba
naa
nao
pandaa
nas
iss liye
nav
kab kiya
issliye
nice babu
gurgaon
koro
nahi hu
back pain
duddu
mne bola
aau ?
asel
mera ?
heroine
umaah
na btao
acha b
acha a
aaxha
kya plz
karte ho
gu
gp
nunu
hota *
gf
ge
gd
why ?
gb
ga
kato
go
kata
gm
gk
kate
gi
lkn
lko
arii
nahi he
bhenchod
tyty
varsha
bebu
milnge
lobe u
kittu
hey beautiful
thodu
maau
maat
kk mri jaan
haahaa
wait na
thoda
ha aagya
cold ?
krlo bat
calm down
thodi
kya sry
roko
bahot h
aa gya tha
nahi kyu
bachhe
bachhu
yes it is
kch b nh
download
aaise
aap ne
aaisa
rkho
pareshan
u btao
cell
har baar
nai pta
uske alawa
preeti
kar lena
ohkk palluu
ammuu
sakte
kutra
sorry sona
aaww
dekho ab
acha je
na to
ajib
koina
januu
na babu
koini
haa januu
ajii
k hoga
aap kkrh
gn ji
ky ok
jara h
hihihihi
nothing baby
vhi h
smja nhi
i l u 2
na re na
aap pucho
neend aa rhi h kya
kr skta
camera
socha tha
n to
aap free ho
cheeku
dhana
okkii
cheeks
by good night
kia tha
abhi khana khaya
started
gzb
bhar se
chalna
confused
yes boss
aacha thik h
theek h babu
6 ko
salam
meet
dekhio
control
hahahaah
kidhu
uthana
chngo
kal baat karege
bt khtm
aapne ?
love uh 2
vaise
yes i am
kian
satare
thik ho gya
kiaa
non veg
kri
nare
psnd
preet
kisi
so early
bahut h
kk my fh
hmm fr
bhool jao
paas
paap
popat
ha sdu
chuu
tkcre
waif ji
hamesha k liye
aacha sorry
jnu
ahaan
chlnge
he *
yr baby
giod
jna
aur fir
pine
jne
huuh
dhire dhire
huun
jnn
di thi
naam ?
k bol
khel
wat to do
bahot kuch
why so
bahar h
dikh
tmko
marugi
dika
sweeto
ghum
mood off
kar lo kaam
nahane ja raha hu
hehehehehehehe
diku
baat hui
call mt krna
kahe ki
or boliye
maine pucha
kk np
karo *
ha whi
bachi
katti
nye
bache
thank you ji
call ki thi
sng
sab theek hoga
hlo
aaya tha
aapko *
hle
special
143
bolne ka
fir gayab
if possible
so don't worry
to bol do
pagal si
nishu
dream me
to b
gdnight
aapko b
sacch m
nisha
to u
princess
ale waah
life time
so ja babu
umuhh
haan bilkul
meri taraf se
abhi khao
achanak
arr
tu ke
u_uu_uu_u
congo
bitch
l-o
baacha
tu kr
raat mai
interview k liye
malum hai
ok mere saeedu
kya fr
koi baat nahi ji
i wanna see you
tu bol na
hmm k k
good night babe
2-3
nhi samjhe
cyu
kch nhi yr
ha krenge
pglet
wo ni
cya
hoyee
photo de
maze
bej
beh
ben
kaya kar rahe ho
chl byy
rhta h
bed
bee
chl bie
cal me
ho ra
aap pagal ho
riya
fb me
hm na
bet
kaya hua
aaing
tabi
bahut acche
kaese
bahut accha
need
bataona
dikha de
kyu bolo
pls tc
chatting
koo ni
janta hu
khana ho gaya
hmhm
ohk dear
sh
kyu pucha
koi ne
bach gaye
breakfast kr liya
ha ky
alee alee
i love you to darling
or suno
prblm
jaaneman
pyr
ha ku
us tym
ha ki
kuju
maar de
ha ka
pye
awa
accha fir
kaha chale
jai hind
mai nai
soi h
talk
kya kam tha
urs
thik ache
chalegaa
same pinch
my luv
nhalo
haha haha
thk h tb
anyway
to sahi
so bad
o
milenge na
hadd
ki khada
sorry g
cl me
mgg
kr *
fir ab
hmm so jao
1 no
abi to
123
tm chup rho
pasand
by ab
cutu
jase
sorry !
she
shh
shi
accha lagta h
ky kiya
hm hm ok
hmm bhai
thikaa
are you okay ?
luv
all d best
joyu
luj
joya
ab karo
keo
ken
kem
waps
keh
accha kyu
lgao
aap b kha lo
key
love u bahut sara
kew
i need you
keu
ker
accha kya
rhnedo
so funny
mi a1
dekh kr
abhi toh
nahi samja
aish kro
pii
i like you
s d
pahuch gae
btao abhi
nhi kr rha
knsi
bohi asu
knsa
sone ka
sari
baat karni h
and u ?
sone ki
yat
sara
kar *
yas
sare
yal
ab nahi
hm *
yak
sb log
yad
daal de
m dng
chandigarh
i kn
both
ky karu
hoga hi
ote
pie
baby !!
chupchap
otp
kv
bbye gn sd tc
okji
ka kr re ho
aauu
slept
bhaakk
salman
hm v
hm h
hm k
chalo
aya tha
tyala
chall
chala
kya haan
chale
no u don't
tbhi toh
mast h
strange
ab rehne do
bt fir bhi
abe yaar
cmng
ho zop
anki
bolo kya
abe yar
huhuhu
anku
kounsa
jha
sadeli
i
batameez
haa kya jaan
sadele
kuha
haan le
studying ?
are hadd h
kujni
hnaa
ni jana
ek no
don't go
yeeaahh
rhta
dost
bye forever
i u
yeess
ab kya kr skte h
le lege
i k
anduke
i m
bhanu
thik h by
nahi dekha
na bbu
whatever
utar
aap kya krre
hope so
ha i know
jaani
m btau
honneey
mmuummaahh
i 9
jaane
aur sun
pahele
pagl
i *
m abhi
o really
haa thike
tera hua
yahi hai
avnu
shee
abhi karta hu
huss
library
avna
nahi dear
home
kuch kha lena
janemn
krne do
real h
are sorry
kia *
maafi
m na
aapke
m nh
aapka
chli
aaj sunday hai
pahle
mjak tha
karli
1 roti
ya ji
dum
bol *
pt
dar gye
kia h
chla
bol 9
aajaunga
khana kha le
booboo
sanje
dud
tu kha h
hao ky
padha
khana kha lu
kioo
galti ho gai
plxx
chliye
chor na
aap kaha
chalo ab sojao
ky q
ky h
hugging u
cricket
hs
hp
hv
hw
ht
hu
hj
pj
hh
hn
ho
hl
hb
kar call
ha
eat
hd
he
to kya kare
hmm bolo
tu rehne de
po
dhona
fast h
pl
ky *
2 mnt
hhmm meri jaan
ok pyare babu
babuu
bhai *
ok ruk
kais
so aap
chalo na
dialogue
i dono
babua
girl
khus
kya hm
kya ho
gande bache
kya hi
kya ho ra
kya ha
tc
e j ne
sunye
kya hu
m ja rha hu
arry
hahhaa
hahhah
nycc
bechara
mat aana
hmm karo
umha
hna
baat kar
hne
samsung
hni
hnn
hm hm
hny
bahut zyada
darpok
andrr
kuch bhi bolte ho
budhhu
andre
accha ek baat batao
rat ko
baye
bll
v gd mrng
buddu
aul
kya wahi
auu
bayy
rahili
kudi
saaru
pata chala
okay husband
saari
saare
saara
gelu darling
r u there
or nhi
uuhh
correct
me pan
fhr
shonuu
as you wish
kya bhai
idhar
puchte
bas *
warna
konsi movie
a gae
chal bye gn
aap kya khaye
nei
hate
nee
aurat
u love me
pata nahi kyu
chlo g
ni he
kal dekhta hu
ever
10 la
ab aao
kya pagal
mea
mem
never
haan bby
ntwrk
haa i know
group m
mer
nannu
aagaya
101
mey
ab aap
hmm amal
aagae
aagai
drr
ha pagal
jama
mt kr
aur kiya
pucho mat
jami
bkwas
ha ho skta h
ol btao
janina
karun
hmko b
fr kya hua
haaye
type
tell
(kidding_right2) (kidding_right2)
achyaa
sudhar jao
balle balle
pune
bta rha tha
aa jaega
(bad_egg1) (bad_egg1)
light off
hojaega
olee
tyt
dunno
kya kar
bhukkad
jayda
ab bs kro
isliya
hudup
chal theek h
boliye n
be safe
give
nhi yll
boliye g
java de
ofline
honey
koi baat nahi jaan
sb thk
em j
kisi ko b
sogaye kya
aa jo
aai h
aap boliye
hoto
amazing
filhal
sath
straight face 2
milega
ky kre ho
milege
aur suna
aur suno
fir kuch nhi
having dinner
tension mat lena
you can
kaha jaau
bakwas h
dinner kar liya
okhe
goodbye
aasa
kal dekh lena
ji h
fir so jana
ask her
smjh ni aara
aaj raat
kuch khae
kuch kuch
rashmi
dikhati hu
bukhar h
husshh
gudgudi
personal
lv uhh
dnt worry
,
my wish
are nh
qaa
aur aaj
are na
no please
ji *
anil
to do
ghr aa jao
one
samaj gai
aaj to
aaj tk
sach bol
ok chalo
hmm bccha
shukar h
have fun
kya karegi
bupp
kis time
went
haan fir
haan na
side
k by
u_uu_uu_uu_u
kya mlm
tu pn
and you
chutiye
hngg
hnge
dawa
tatti
gunnu
notanki
yea yea
ok kr lo
aaram h
thik n
best friend
surprise
kya dekha
liya *
foto
bestoo
aisa ji jaan
mis u
1min
abhi hua
dikhra
samjhi na
ho ki
iss
haha pagal
isa
chahiye mujhe
ise
nahi thi
aapko kya lgta h
naughty
humesha
bol tu
krdiya
yeduu
hoon
jji
aap batao ji
agra
aur btao babu
girls
notnki
acchh
garry
acchs
acchq
hollywood
i lov u
unhone
gyb
aye haye
gyo
gym
direct
esha
kabhi bhi nahi
hehheheh
laduu jaan
aap pgl ho
maan nhi h
mini
na aap
as a frnd
shonna
how can i
bata rhi hu
khana hua ?
kai b
doodh
na aao
minu
bheju
don't be sad
bheja
k beta
bheji
for some time
uth k
unhu
kisi din
koko
kai ?
unhe
yes g
i wanna hug u
achi achi
typ
galti
bt kya
muchaa
aur nhi to kya
doc
punjabi
last m
m
dog
bol ab
bolya
tumare
definitely
am sorry
sone ja raha hu
try to understand
tumari
kk pilu
gd mrng g
ab good night
khana bana rahi hu
suniye
ok mera pyara bacha ji
achanak se
neend
ha !
kaunsa
ha ,
explain
bhale
auto m hu
neeni
ptanhi
kya jn
ha ?
waoo
hm ji
stop
kuch nhi baitha hu
waot
koi
bau
ha a
bas
ha b
ha m
excuse me
ha h
ha k
ha j
bag
krli
bae
bab
baa
ban
bal
baj
bak
krle
khai na
haan yrr
ek bolu
haan ?
kha tha
khud bolo
nhi batana
haan !
abhi kr lo
chalo chodo
rat me
so jaana
h na ?
prince
petu
future
hm koi na
oma
omg
kabhi nhi
ok put
mere saath
omm
tu sang
cousin
motto
haan j
haan h
ky kr rahe ho
glti
muhhaa
uuff
itna late kyu
sorry bhai
soi hu
babu bolo
une
unn
yaay
very much
aache se
hua ky
yaas
nalayk
yaat
aur ha
kirti
yaal
i lv u
m ready
yaad
tinu
ayaa
muhaa babu
aesa kyu
ahcha
pihu
or khana
umahh
aesa kya
chud
kispr
ajja
kch nhi hua
chuo
eatwell
and sleep
koti
bol kuch
kya sochu
khani h
kota
ok sadi
theek hoon
woah
slp
akr
morning love
tanu
don't feel bad
jesa
jese
big smile 1
dhund lo
ir
hm dono
waah yr
ii
ik
ij
ib
ie
kch mt kro
if
h bbu
tu kya karing
saw
can i
sav
nkki
kahin
kaash
gaurav
ok jana
sir se
batao babu
kis
ab karunga
eyes droped 1
good night meri jaan
kii
kio
jealous
kia
kie
chuck it
kapil
m ready hu
akku
ankit g
ok leave it
akki
aap aaram kro
ji janaabb
800
yours
yeh
yen
yee
yed
chalo koi baat nhi
honge
cholly
nai yrr
yer
yet
hongi
nudge
kn h
mele hero
hahahhaa
mat pucho
hahahhah
have breakfast
mera nhi h
ops
yaha bhi
r u crazy
chahe
bhaut
khaana
tmrw
rukoo
natak
background
feelings
jaha
dreams
nude
bhai ki
ji ok
ki pta
oo mera bby
haa h
hmm boliye
kahe ?
ab kya kiya
acchaww
kaun tha
deal
dead
very bad
yako
ya i will
dear
aa gya babu
vedu
aur kyu
veda
aave che
vedi
bure
unse
bole
boli
kis baat k liye
buri
apan
chai pi rha hu
boln
ha bye
bolu
apne liye
kya baba
abhi nai
super
issiliye
oreo
aap hi
meow
oree
boldi
afternoon
k fine
no chance
whatt
bchu
tnsn
selfie
puch lena
ya ya
down
sube
bche
do *
suba
duggu
besharm
choddo
huu huu
ha bccha
kay huwa
sonuu
allahh
tere se
form
ethe
paka
gandi baat
sagar
bera
chl ab
aj kal
come back
mera bccha
kahi aur
ha suna
zara
daddy
delete
kya kuch bhi
kya 6
bahut bahut
kiski
laduu
rr
ya nahi
kya !
shit
dikhi
soorryy
u slp
dikha
hso mt
aunty
accja
garpe
jab tak
2500
sorry re
vaha
aalsi
cheppali
vahh
hahahahahaa
tumhi
kya g
get ready
ohh my love
kya o
kya k
dhurr
daily
davai li
oie
avi nhi
kn sa
itna mat socho
hihihii
t v
chupp
good afternoon ji
hua to
abhinav
sleep tight
mila
milo
kothi
saachi
chupo
milk
aap kya kr rhe the
mili
jiji
like ?
hehehehehehe
ahmedabad
achoo
0
finally
miss u babu
marks
r bta
n all
aare yaar
koii
pehla
puneet
oyye
ab kya hoga
pillya
achiya
bolo jn
don t know
nah ji
last me
kya liya
abhi kar
tume
dii
sogai
hm good
did
hoii
hoil
dia
tumi
item
thik h tb
kiska
kal milenge
scchi
gudiya
ziddi
aja fr
i love u sona
call kara
joie
krni h
kya lu
i loved it
buddha kahi ka
sapne me
aur aap bhi
achu
ya nai
babluu
bataya na
waii
pta chal gya
krni
mr
so gi
waiy
by g
wair
boy
hbn
insan
hmmok
switch off
bot
boi
bok
boo
massage
knjr
ans me
bhag gya
please babu
bav saru
please baby
bhul gyi kya
teko pta h
ayo
hall me
saddu
dusht
abe ja
ayy
hmbe
1 sec
saku
mera sir
dudu
ahha
ooe
ummhh ummhh
yes or no
okkuu
uska bf
ooi
malay
ra
oow
faltu ka
nahi ho
shina
ooy
matalab
kya krre the
kya baat hui
blye or
kutri
ab jane do
by the way
ole ole
hehehhe
jldi sona
i love u 2 babu
kon a
crazy
fuck
kaam ho gaya
palli
tubelight
tere saath
ote baby
10 min baad
pura
nyi
pure
puri
nya
everything is fine
idk
k nhi
snd
mar
mau
mat
ena
may
max
ho kha
sula de
maa
mae
mad
mag
baby go
mam
mao
ene
wai to
garam garam
maybe
boldiya
waise
naa to
eni
challenge
hokya
heehee
cute
hamesa
ki haal
jb bolo
lst
uummaahh sona
munu
aur so jao
kaju
is baar
satya
group
bekaar
interesting
nautanki
coaching
hojata
mail
maii
kkz
beshrm
ha dika
dekh ab
kkr
srsly
kya karre aap
eat well
kkg
ya kal
ledu
are bolo
pagll
my sweet heart
aane k baad
ohkii
kya kuch nahi
nhio
kya gai
nhib
yaad rakhna
hhahahaha
kaam che
lao
ab nhi hoga
matlab ?
lai
canada
bndrr
apne kha liya khana
bday
smjo
hug kiss
patlu
khrb
bndri
nahaya
puri rat
ya dear
shimla
orr
laa
tc *
aur baby
ore
basle
ajau
underwear
yesh
aarm se
good nit
firse
pet bhar gya
enjoy ur day
andar se
acha re
think
first
dimag
kch nhi hoga
kh ho
ha thik
are ji
so sorry
for sure
dega
nahi pagal
dege
lau
zindagi
ummuuaahh
babu ruko
khusi
amaan
aap khana kha lo
uffoo
kaha ka h
class mai
bobo
eyes
anuu
bada wala
prty
hm kyu
ky baat h
butt
anuj
aap khaye
ek aur h
13
han han
fr ab
bethi hu
naam kya h
bole nhi
su jami
very well
fir kya bolu
i really love you ji
chiku
chiki
aaj k liye
fir kya bola
sun lena
kuade
mittu
ayesha
kya sb
hushar
kha k
savare
u dnt knw
so lo
hotspot
ok nane
gyii
kenta
ahoga
pain
normal
sunaiye
abhi hi
i donno
chl ok
jor jor se
aap busy ho
kis ne bola
beti
babuda
kaha chle
kha *
halka sa
fr kya
ok ja
ho gi
paytm
thik aa bugge
ok jj
ho ga
hudd
show
nhi hona
jarurat nhi h
kuch hua
shon
shoo
tumna
jane ka
jane ki
patidev
ky nhi
haan ji baby
sidha
sidhe
bs yahi
besharam
wo bata
wow yr
sakali
gee
mm babu
2mi
tumhri
namaz
stupid
paagl
baher
j8
jacket
j1
haa dear
no option
shu kare
dhoka
achan
ommaahh ommaahh
achag
enough
kya dikhau
reading
awake ?
tuz
mko pta h
tut
tuu
jm
jn
are mtlb
ji
jj
jk
dhanyawad
je
b bye
haa ye b h
ja
jb
call kra
asude
tuch
tui
avhi
nikle ?
thanks yr
jo
nhi nhi
voice call
slp well
ni to ni
tun
hm pglii
mera b
acha jana
saali
jd
khadus
cancel
suna de
tu kaha h
raat bhar
tuc
bol rahe ho
maro
mari
maru
khana pina
kya no
aa jao jaan
abhi bta
hu babu
aau hu
chinta mt kr
wats up
hm fr
tezz
kha ki
gl kro
bmm
kha kr
gandee
chalel
lov u so much
no bye
kuch din
abi ki
hoke
gande se
love uhh 2
abto
sleeping
hu bs
rhe *
ab sun
everyday
saath
ok baby bye
nahi na
harsh
bagu
akku swear
paa
ha sa
aa su
pad
miss u 2 babu
pai
ab bata
miss u na
oil
lga de
1 30
lga di
running
kuttu
dngr
grr
okay dokey
dil se
totally
10 vage
don't laugh
biwi
kaab
na go
ren do
kaan
bewakoof
kaal
btana h
hainn
aapa
bottle
abhi free hu
bimar
kitna aaya
haina
finally bye
do it
money
ni be
meko nhi
aarhi h
wifey
fahad
kaha chali gai
ni bs
i m free
ruk tu
acgaa
pilu
a ha
huh huh
param
hai mere pass
paras
batata
swati
no ji
5-6
mor
tereko
chlo sojo
, ,
karnar
call karna
jakr
mjak nhi
to babu
mol
to baby
love uhh
nay
me nahi
hug ki tight
niche ka
harami
bigg boss
faltu h
faltu m
jagah
doll
naal
sacchi ?
roj roj
naah
naai
nkoo
too much
nahi pata
chngaa
confirm
kmm
kml
piche
jaldi kro
mera *
kaise aau
mwah
ha kha lo
khud btao
mara sam
hua tha
are chill
hqa
tack care
aa *
oohho
yr nhi
bolo biju
othe
luv u more
teddy
meaning
ki karing
practical
bolaa
jaoge
baith gya
ab suno
galti se
jaogi
kal na
shrm
bnd kro
shri
family
ky pata
g thik h
kaisa lag raha hai
rukko
no yr
yr *
aj ni
haa i knw
nhiji
ye kya hota hai
aoko
pitna h
bbye gn
mujhpe
acha lgega
bugge
e
buggi
simran
aacha aacha
romantic
khane m
aayee
ruko g
vhi
vha
srdi
are ho
are ha
bdi jldi
acha j
tension mat le
gndu
file
dur dur
fill
lgti h
again
subhe
nhi ma
dekhnaa
bacchi
khaduss
ka ga
my angel
meko
safai
ik min
important
nikali
hmm i know
let it b
mummy aa gyi thi
k dr
ku bhai
u
god
alright
once
starting
liar
forget
bol jaldi
sunu
awhh
tu jaan h meri
suna
welcome baby
sune
bahut thand h
vaha pe
ab na
hmm le
chodho
hoga *
ohkji
hu jaan
psnd h
miss u sona
sikho
acha lga
m here
i m ok
kyoki
ajeeb
bht mst
aapne khana kha liya
hai koi
wse
hye
kati
baat kr le
ptlu
ok chalega
reallyy
rukiye
karliya
breakfast ho gya
burger
aapse
last seen
rhna
mwahh
aba
ohne
abe
abh
hm ok baby
right now
okay bby
ohnu
hu b
abu
kya h ?
wat abt u
vali
kaha na
vala
vale
kon si baat
bss ab
chalu
hayee
mere uper
chalo koi baat nahi
milke
hnii
ntk
gd 9t
abhi jao
ghar aake
kya h y
aara h
ha baba
isliye *
gndii
baatein
please take care
to bas
with me
or ab
eya
busy man
bolo plz
jau *
jivv
aste
okk mera bby
kadhi ?
eyy
achch
bolta hai
ho gaya dinner
formality
grtt
mention not
sam ko
leave me alone
none
nahi bolo
theek h janu g
bakwas
nono
der
jda
dev
iss baar
kosis
dek
del
den
deo
dea
aap kya karoge
believe me
dee
munda
k wait
share
hunxa
to aaj
nai ta
ab bta
nai to
chl na
pp
stop it
soft soft
ryt
(red_heart1) (red_heart1)
face to face
close ur eyes
pap
bka
i am sure
bko
par
bkk
bku
samjhe na
blood
pau
bar
ulta
alag alag
tkcr
maal
ulti
doctor
chuti
maan
bapre
hmmkk
nai toh
kushal
i love you a lot
batna
r bolo
thode
ab se
kya chal raha hai
ha le li
drinking
or or
1 mint
26
fresh ho
karna padega
baap
phla
baar
baas
baat
baah
tu hai
hmm ok ji
baak
baal
hmm ok jn
mera ??
gn sd tc ks
oks
good
walle
acha meri jaan
u did
uhm
uhh
oka
oye suno
uhu
okg
beta hu
jao so
bhikari
okm
bagh
chale gaye
nhi ja rha
na naa
ooii
aammuuaahh
bahut badhiya
o god
idea
kha aau
no paapu
mere jaise
tu kar
haru
aur na
sukkhi
dipiya
no dr
no do
jldi bolo
band h
sunnoo
nhi krni baat
lekin
no de
a gya
sb so gye kya
no da
mmy
sbu
mmu
kya pehna h
khana kaya
sbb
bole the
mmn
mmi
mmh
mmk
gd mng
ispe
sbh
kyu ki hoya
mma
sab accha hoga
aapka wait
tahi
m waiting
are sacchi
halka
copy paste
kanpur
gnta
u r
babu g
prr
mujhe yaad h
u b
babu h
as u say
kom
kol
koo
mamu
mami
dekh lio
kor
kou
kot
too
u ?
pare
ab chhodo
usi tym
para
ha jao
v gm
u 2
teri
pari
kaha pe ?
u *
babu *
hhmm jaan
b
rakh lo
sbke samne
are bby
mt bol
ja fir
kaam
maja aa gaya
zz
aadhi
skc ?
hun pir
btau abhi
pyar h
a6a h
su ?
wansa
kiss ka
masstt
liye *
ok karta hu
o yes
mmuah
ayenge
k6
sollyy
for what ?
augi
chlo sojao
apku
ye bola
janaa
ha mag
janab
chari
nitin
kk yr
mat bata
ky bat h
ka
chutti h
kg
thank u ji
ke
kd
kk
kj
ki
kh
ko
axhha
bahut sari
ks
sabki
chat kar
bolonaa
kt
hm theek h
sabka
karde
januri
so to h
3 din ho gye
are va
pdhai
pgl ho tm
nahe
babu i love u
nako na
nothng
dekhnge
dhang se
chat krlo
roti kha li
i'm ok
bhejti hu
o_oo_oo_o
tbi to
suno ji
pata nahi jaan
silk
bhej dia
gadhaa
puri raat
meri baat sun
common
k ji
hike
or sorry
ji bilkul
hora h
aur batao aap
haanji mister manthan
budhuu
ok steffu
mithu
muvvhh
sahil
mithe
sahii
kya hai ?
mithi
kaisa ho
anees
q sona
koi dekh lega
ni ho
babu kya hua
kaha tha
na bhi
babudaa
hmm re
hmm ra
badhiyaa
pyaar se
(kidding_right2)
baghu
konsa pic
kaisa h tu
ikk
tere me
yes madam
ab tu
ptni
kya fir
alot
haan mri jaan
ab to
kahich nahi
tu c dso
point
andhera h
m sorry
andar
soipada
bol abhi
simply
msti
nakoo
pila
aap kya kar rahe
uska
raa
w s
kisi aur se
secret
tumra
ki kra
o my god
bhpp
meeting
uei bs
aakar
gav
gas
gar
gap
gao
muja
gal
understand
aap kaise h
gaa
fur
yaad kar
bilo
bill
biharii
heya
but yr
kaha hi
bete
pyaar
fr thik a
bhott
dinner hua ?
kadach
has mat
ha paka
sardi
abhi to ni
bahut tej
acchaw
tu dekh
g bby
aahaa
aahan
dnt know
aapne kha liya
whtt
eww
abhi kkrh
na tu
syd
i luv u alot
assignment
aur bolo ji
ar bol
khana khane
hogaya kaam
lag gya
nolo
howw
tu bhi ja
pggl
gndi baat
koi msg nhi
moo
gya na
mon
(face_palm) (face_palm)
mom
sacchi babu
ase kse
yus yus
gandaa
cut
ha janu mere
meri nhi
bapree
karta hu
cum
really sry
excited
h koi
kiskoo
bil
motoo
khatm
bii
is lia
hm bs
apki trh
bit
krdo
but what
ha ho
brabr
sema
bahar
bappa
ok dekho
plzzx
google
krlia
ahnn
aaj kya h
esliye
bach
hu na
are meri jaan
is me
bta to di
dono ka
aaise he
aa gya ji
pet
mat btao
chummuu
khana kya khaya
phne
1 min
pele
saaf
bch
nose
nahana
300
aadi
uff
fee
abhi pta nhi
cool down
oee
so wat
yehh
yehi
haa shyd
na kr
drama
kay hmm
on d way
so jate
goodd
tabiyat kharab h
ab ruko
krdia
ye kya hua
t_tt_tt_tt_tt_tt_t
happ
but nhi
ayyo
k hoyo
diya h
good luck
k hoya
uummaahhaa
mko
achajii
hehehhehe
tital
fer
bored
sdu
jago
ha so ja
ok sona
bolte ho
peeche
jage
houda
sdf
are bs
dekhte h kya hota h
kr lea
mt aa
lyt
lyu
naee
lye
aur aur
aiye
10 bj gye
lyo
lyi
aiyo
kya acha h
aur bolo kuch
say baby
aise ?
2 min wait
what about you ?
lene
isme kya
ketla
haee
bol meri jaan
activa
tab tk
papu
nai hua
mokal
fer bhi
hegi aa
i will be there
aacha hu
apne paas
ab kl
no issue
ab kr
2000
ab ku
time dekh
ab ky
gunjan
khtm
breakfast ki
bahoot
battery low
ohk !
ha g bolo
mera dil
hmm thik h ji
no dear
majama
baat karenge
kar dena
good morning baabu
dasso
kaisa hai
ker lo
ky b ny
acha pgl
muuaa
bhot sahi
kaise babu
yahi baat h
nhi kiye
aayu
khila do
face p
aayo
aaya
tabiyat kaisi h
bs kuj ni
ab jaunga
vo sab
doggy
aayat
bol dena
aayaa
do din
shi hu
ja ra hu
khana h
chomu
bhoot
aur kab
gumne
just reached
ye bolo
dena *
ruka
rukh
eh dso
g babu
zaroor
pata h jaan
bus mil gyi
g baby
nacho
nhi h koi
uummaa uummaa
acche jna
ha fine
jaldi hi
packing
badha
aap pr
agge
kya hua bby
38
talent
kya bol
36
tuzi
34
bollo
bhej na
bhut jldi
piyush
chnge
khna khye
kai kare
koi baat nai
chnga
mannu
cha
chd
sacchi
is br
i too
chk
chl
cho
chp
hmm pa
chr
cht
betho
kya ye
ab free
jo man
ha dekh lo
achaaji
oye pagal
abhi na
tere ko
i love u g
account
f
chikuu
ha ji kha liya
theek h ab
hogyi
z z
bs vdia
awwhh
hogya
taa
ja raha
kehna
hi hu
tab
kaise karu
nahi kuch nahi
haan baabu
kaise kare
ku g
ku h
ku k
tan
mix
mere upar
hahaaha
chahiye
meri life
isilie
nhi tu
dek lena
bhool gai
u want
are pagal
ku kya
ruchi
kaha ji
faltu
but why
bar bar
hogaa
muha
mere bby
gundi
hnmn
hai ?
guru
baadme
aann
gunda
hege
chupke
hega
v call
hai *
aani
kitni baar
haka
mat aa
gndee
report
futt
jb bhi
wahi hu
lg
le
la
lo
chal chhod
hmm ye bhi h
lk
bolo ba
li
lv
lu
haan but
sduu
ly
dad
aur kya ji
daa
sogya
dal
guda
dao
abhi kyu
sogyi
dat
uss din
das
abhi kya
gudu
haji ji
pgal
dnt talk to me
ha yll
kya krta
ha ar kya
batao *
oye hero
& u
lie
sadi
ldka
nahi baba
acxa
hhaa
how ?
u can
halwa
matt
rey
aisa ky
waao
hehhee
need u
pdle
reh
gn sd tc jsk
i really miss u
ha too
ab kal
math
ghar ki
not much
har bar
baitha tha
khara
khare
khari
lo ji
yara
umhhaa
i love uhh
ha jaana
baat krenge
yarr
pllz
hajji
gm babu
boliye aap
aap btao na
nai pgl
ha ye
pgl
just shut up
pgk
or ka
aapka ?
tm so jao
busy o
asili
or ki
te ?
monkey
ok koi baat nhi
bola h
so chill
hun ki aa
jumma mubarak
sab so gaye
udr
ache ji
tu jevla ka
syad
yes i m
busy *
nup
ogk
lovee
nrml
babyy
ye baat
gre
ha almost
m to yhi hu
sakta
babye
ok cool
good !
apna dhyaan rakhna
rate
yenu
bgh na
kanu
havv
hot hot
ehehe
nui
ha tune
have
di ko
ja yr
ky re
bol kya hua
kya hal chal
abhi *
i love uh
boliye baby
mis
boliye babu
svere
accha aisa kya
kem che
masta
kya hota
m kru
masti
gn love
or dsso
ohk so jao
nai nai
ab pta nhi
din ko
gd nyt sd tc
abhi h
itna bda
abhi b
haha kyu
aaj ka
bugga
ayyoo
acchi wali
aaj ki
normally
i love u2
aaj kl
kal jaunga
kita
kite
kiti
accha ki
dekh leo
waww
bhaiyu
so bye
kisiko
of course
ab jao so jao
it's late
dikhau
breakfast kia
aur boli
ommaahh
leli
samji
samjo
lelo
nopee
dekta hu
lele
bear
kaha pahuche
1 baat bolu
timing
you tube
jnb
lgri
muh
bolone
nhi mtlb nhi
kya fayda
ky hai
madam
krni hai
assa
kiu kya hua
bhootni
to boliye
kya karna h
jni
pillyaa
han na
bbau
garmi
dnt call
gdnite
muua
nh na
love u2 janu
nh nh
doba
gni 8
joke
dobi
gd mrng dear
dobu
15min
hna ji
kaise du
otherwise
comment
tata babu
gone
kher
ae
ad
wahii
muddu
it's
ghora
milne ko
chotu sa
ha mele jaan
milne ki
always be happy
milne ka
bolne
k na
k ne
ha h to
ar bta
k ni
bolni
donee
finished
kala
deep
i have
missing u too
ahhaann
doesn't matter
okay love
bolo hun
vapis
kaha bsy ho
kya bat
are kya
aise bolo
alhmd
nai ma
chodne
chodna
khana kyu nhi khaya
kar denge
utoo
kch nhi ji
okkjii
dekh *
hor ?
badi jaldi
chating
aap krlo
ni *
yaha pe
selfish
maar khaoge
golu molu
o wow
kar de
video dekh
byebye
kar do
net slow
kar di
chood
bhnchod
choot
acgha
aap aa jao
oops
gn !
kya ho raha h
ily
abaa
milta h
walekumassalam
nakki
bank me
not ok
rhndo
adu
rhnde
kind of
gmg
gd by
fevr
add
ade
hum dono
reha
ada
jab aap bolo
smart
adi
fyn
u_uu_u
utkarsh
wait karo
haan theek
schchi
well done
likh
billo
kone kidhu
pyar
bhejo bhejo
jo aap bolo
ab soja
aap hi ho
pahle aap
ha vahi
yaad karo
smjhii
haii
hain
good bby
call kar na
hair
proper
njy
happens
tmr
trust
ess
diya tha
kya kar rahe ho ?
laga lo
aaya hu
nice na
okay wait
tme
tmi
tmm
baba re
bf kiya
kya pgl
ummaa ummaa
10 se
1 ?
about
mwahh mwahh
tu bhi na
kiye the
ha ji bilkul
ander
okay dear
he bhgwan
hu pan
chutti
socks
ye vala
aur kya karu
jst abhi
kal nahi
ab tu bta
hug u too
daro mat
ab utha hu
kya karre the
hehege
mazi
muwaahh
yes bro
mushkil h
maza
hatao
baar baar
tiger jinda h
buy
gd eve
drlng
yes baba
bur
bus
but
buu
hay hay
rajat
bum
bua
bue
jata h
wish
not really
mayank
misti
ye achi h
naam batao
saala
pik
saee
* hai
dats it
thda
no g
chlta
lub ju too
periods
ha aa
pir
gazab
no u
durr
aur kaha
aa gya na
43
pta kya
plz sorry
naaii
bhiya
mom dad
h kuch
no !
kuch b kya
acha ma
hyii
keigi
goid
no ?
nd tuc
ittu sa
to jaan
fir dekhna
okhay
kaim
bechare
kaik
so jao baby
promise ?
bechari
no ba
chatting with you
bas ?
keha c
hath
hato
hata
dikh gya
dere
hojaye
asach
acch ji
i love you rashi
ttyl
chorr
chill maar
parii
under
hm pta h
islia
to ky
thik sde
islie
ky pta
risk
chlo ji
sachi mein
tu kya
a gaya
ava
chddo
dkho
aati
enilla
to kya ho gya
bhot saara
bs nhi
gyaa
enjoy
bs ek
ab kha lo
breakfast kiye
anjali
kahee
khairiyat
hahahahahahahahaha
okay *
kun
kuj
kuh
kue
kua
gng
plese
h tu
loda
lode
pata
pati
bolona
gd gd
love u too dear
leavee
poogoo
i lov u 2
bina btaye
b by
offc
k bbu
aapki marji
offo
k bby
ky mtlb
mst mst
accha kya ji
kaisa gaya
biriyani
ja raha hai
garam
sure na
vps
teek h
kaise h aap
1 baje tak
baby doll
kai hoyo
must
me
md
ma
aacchhaa
mb
mm
call kare
mi
mh
mk
mj
mu
mw
mp
aapne kiya
mat bolo
jois
ta
kmli
hmm acha g
denge
means ?
nhi bilkul nhi
so gai thi
end
lao do
ha but
kadak
bunk
khudaya
bs theek
enu
gate
charging
badly
ha pls
fr ki
means ??
khol di
badla
i hate
mese
daalo
tu pagal
kiss me
yo babe
hm kya
bindass
amit
kha lijiye
ab kaisi h
over
dekh raha hu
oka ji
ya fir
m krta hu
gd afternoon
manje
mtpb
shm ko
pas m
chlo bdia h
imp
400
paduko
sacchi m
cls
abhi by
let me check
kya kare
chalo ab so jao
kasli
kya kara
i can't wait
kya karo
kasla
kya kari
aley
mt pucho
hqq
call kr rha hu
accha koi ni
chuck
aap boliye jii
alee
kya shi h
very smart
it's good
diye
hmse
nik
diyo
hum bhi
and ha
evening m
gol
goo
motee
koi aur
driving
rishta
acha bolo
goa
aju
aji
ajj
got
aje
laii
makeup
harry
free
jya
hane
yummyy
i thought
biju
achhaji
days
koi b nhi
ab bas
tc babu
daya
already
hero
trko
nhn
ranu
hogyaa
bolege
i love u jan
khana khaya babu
j1 ?
gndaa
gm jsk
acha to h
tor
pilluu
1 baar
morning m
tou
aur hai
tom
tog
ha pillu
kuku
chhod diya
off h
chdd
chdo
asa kya
sbki
sbko
knhiya
hai abhi
sbka
sbke
nhi bataya
aau kaun kuha
hor kuch ni
krdunga
ek baar
donkey
lbu
looking beautiful
tainu
ram
aap ?
rah
rai
adha
rehna
try kar
adhi
haan palluu
apkoo
aap kab uthe
x x
after marriage
noo noo
acha rahega
jane hve
ha pucho
pdha
ha good
mute kr
dono ko
kr lijiye
dono ki
bsh
kya karna hai
obvio
byii
but koi na
esiliye
ulle
mat maan
saamne
hahhahaa
kislie
nahi to
deepika
achaaw
kisliy
baii
same baby
bail
pgl se
pgl si
k baba
k babe
a babu
mithuu
kake
bccha
ghar me h
kaka
bathroom me
watch
na ma
gogo
amazon
hun fer
aby
gothilla
keya hua
aana
soja ab
die
ji dear
mela babu
ummaahhaa
bina
sweety
nuv
yahi tha
bewkoof
full
ghanta
sakti
muu
u know
ha ha thik h
rende
htao
rendo
ke hoya
bey
mua
finger
hopefully
mum
chan ahe
ishh
dher sara
muk
muj
k sorry
chii chii
kele
ha kya hua
idhr udhr
puch liya
boss
ku babu
or abhi
bas u hi
news
fir baat krna
gaon me
kya pucho
humne
hug karo
ruk gai
aap b na
meko kya pata
is it ok
i love you too hubby
ab kya bolu
soo sweet
k *
bole *
accha or
k6 nhi
nako
ab kya bole
gobar
c u later
naka
bingo
bathroom
dekhli
dekhlo
1 2
dekhla
smj ni aaya
1 baje
dekhle
aapka hua
beer
thanks g
expected
i request
tu zop
are allah
radhe radhe
aavjo
are baba
k h
areey
thats good
hao babu
mmuaah
bole h
gd nyt g
are babu
fast fast
so raha h
dek lo
chi chi
tension not
deepu
n
boloji
ab boliye
ha bibiji
dekhuga
dinner kare
dekhugi
kya doing
come online
kmlu
uthi hu
na bhai
dushtt
khnd
bhok
ha hai
inside
tyare
niki
airport
chat me
forehead
bandr
mela bachaa
ha ya na
chhod ab
ammaa
gndu g
paagal
yu hi
call utha
let gai
r u serious
bs n
haha kk
apne bare m
patani
bhot sare
aisa
hu *
haaii
dada
haain
milte
oye babu
yhi to hu
kiya h
kuch bhi ho
aap kon
buggee
lge rho
a *
breakfast kiya ?
free hai
kela
ela
acchiya
good day
thodi si
fr me
ab chalo
bol ni
a h
babu sun
bike te
aaye bade
banda
kaiko
ditto
waiting for u
ha anni
laddo
gift
naa naa
55
a c
just chill
a g
mera net
hunn
kya lga
hunh
amor
hune
huna
laddu
utha dena
be careful
kro enjoy
chunnu
hta di
ki n
ki h
hnde jn
ki g
abhi do
ki a
are pagal ho kya
kya bole ?
aache
aaj kyu
sorry ku
aachi
acchaji
holiday
jg gye
hsa
mat so
hsi
hso
hss
tk hai
jyo
in my arms
chikoo
bangalore
walaikumasalam
chalte
ki *
choko
aaj kaise
aapne bola tha
a jao
ki ?
mera ho gaya
bate
aha
kya aap
dats y
bata
ahe
breakup
ahh
ahi
ahn
bath
ppr
abee
sambhad
ppz
kehda
yha ni
kya aaj
ky kr rhi thi
gir
thikh
gif
gid
lagi
lage
laga
gii
bnalo
head
medium
aur kro
gorgeous
bnda
paaka
call ka
call ki
let jao
duguu
bas na
biharan
atta
keep it up
jag gye
es liye
karna h
byy byy
raha
furr
rahe
jao fresh ho jao
bolo tame
le aana
rahi
raho
hame
abey yaar
nnu
dkhta hu
wapis
nk
trust me
nm
and listen
no
na
nb
nc
nd
ne
ng
tim
setting
jaldi bata
np
nq
ns
nt
nu
nw
o acha
can i call
m not
aaj kya
hey bagwan
m aa gya
kal batana
ashish
mt aana
tu bhi kha le
ghar ja raha hu
lo g
roj
coach
love me
piche se
brbr
ka bolu
u r mine
jaanede
aap kon ho
roz
okay ?
or bhai
ha ha pta h
tmhri
everything
mast che
lob u
yes please
bla bla
jayiye
lo *
bykh
kuch der
aayegi
nona
aayega
brother
aayege
bd me
kll
yall
so jai
fhir
porn
baku
bako
only one
bakk
heinn
merko
baka
prakhar
i want u
jao yr
ha done
kya haha
mrkt
nahi *
beech me
mrko
dr k pas
nahi ?
accha lga
kasam kha
exam h
maine kaha
offline ho
water
mujhe nhi pasand
aala
bas karo
haan peehu
sahi baat hai
or aapki
amele
nahi n
nahi o
nahi h
bye take care
nd take care
good morning meri jaan
reached baby
ok mera baby
aaj *
bhaiya aa gye
ha jana
ngi
nai jana
aaj ?
chalta
bahi
prem
let's see
abbaa
ande
anda
iphone
bata dena
today
andr
ssup ?
now ?
are beta
aaj b
chocolate
are betu
now *
nani ghr
i just got up
malum h
a jau
ek or
msg krna
dimag me
dil
ya sure
bs ab
breakfast kr lena
padh raha hu
hihu
lb ju
dekhne
srs
din
kon babu
my bad
marenge
kijiye
birthday
ho mahit ahe
i am
ky hu
prob
deva
ha chalel
chalega
are waah
mgr
bolk
chalegi
oh i see
nahi ajun
ky ha
nonnu
samjh nhi aa rha
dont be
kaisan ba
bahut jada
janede
janedo
aesa h
bilkul ji
gtg
chup kyu ho
rondu
continue
kab ??
aaj nahi
kkrh
hugs
han toh
shrutii
uuhhmm
momo
kahe be
take ur time
abey
batao kya hua
movie dekh raha hu
thank god
isshh
so *
tere
gudia
tera
sru
ferr
so ?
kaunsa ?
baat khtm
gapp
jo jo
sad kyu ho
paidal
aap ko miss
ice cream
call kr lo
kitne din
u ka
u ko
keno
kb aau
chodo usko
call kr lu
bubi
o teri
asa ku
subh subh
bol le
me pn
hnjuu
so jao tm
alhmdulillah
aapke dil me
yahan
ammu
thodaa
kis khushi me
bg ho
had h
amma
ya i know
place
kaise batau
ammi
nehuu
kaisa lgta h
clear kro
acca
kha lo ji
bartan
ahe ka
kya ab
array
krdena
pagalu
nahi aati
haslo
shamko
aapko kya hua
ab aap bolo
pagala
unke
kdhi
very funny
pagall
aaram kar
pagali
kru hu
gadhe
hue
khair
hug
gadha
hub
hai ji
hum
hun
gadhi
hui
huj
unka
gadhu
huu
r u ok ?
ab padho
hus
ketebele
copy
hogaya
karugi
r
and
ane
krte ho
ha be
ann
kao
ani
ha bc
anu
bigboss
dp change karo
koe ni
ans
ha bt
ha bu
koe na
har jagah
i mean
ha bs
dimag kharab h
video ??
and you ?
motaa
smjhi
no problm
so sad
ab khana kha lo
aur aap ?
sure
dekha hoga
simmi
no comments
inki
suru
inko
ameen summa ameen
ki ok
aap kaha h
or aap btao
how are u
babby
later
kal jana
i dunno
khalena
h bolo
luv u2
nona ji
rajn
tv dekhra
sorry bbu
tkk
ok2
bol di
ok i will
dhoru
kyou
oohoo
are jao
chhi
or pta h
reply me
hehehehhe
haha yeah
hoyy
chlo so
hoya
hoye
kuch bhi kro
boluga
ab theek
tu pan
joker
jaane do
ys bbu
jaane de
mmhhuuaa
pa6i
na putt
picnic
udhar
mane ??
tu das
1921
kel
h kya
h bol
mera to
kiyu aisa
kai pn
sb kch
dekh tu
1 hour
chup ro
kee
r u busy
kya khu
aasili
bje *
baay
dxdxdx
kya kha
kab aaoge
come
basloy
ganta
ok bay
gdhi
shikha
be ready
summu
ok bae
acha lg rha h
pakku
kab free hoge
6
dr lgta h
dinner time
jo hoga dekha jayega
ha fir thik h
period
60
poo
65
yi
69
kiskaa
late
aaje
khotu
aaji
pch
ha mere pyare
usdin
aaju
it's ok ji
joo
u der
dolly
ji nahi
6e
ka be
hate u
all good
tiger
ka br
aapke liye
6u
how was it
oh good
mang
dimag kharab
busy ahe ka
cash
you are
u too tc
breakfast hua
what sorry
nyt
is tym
kya karega
bhabhi ko
koshish
alg alg
parso
tc ji
isly
like me
padman
too *
check
to me
bus se
gdmg
aau kn kaha
buyy
km h
halkat
accha hoga
driver
baat mt krna
cheers !
mera kya
hmari
ha jaroor
check whatsapp
ohk rishabh
barish
hmara
cartoon
yhh
yhi
nn
yha
mmuuwwaahh
dehli
k kr h
model
kattii
sabash
let c
ha bahot
bdmshh
mansi
apko sona h
rose
nikal gaya
leto
hina
from where
kouthi
think h
huhuhuhu
yess g
me nhi
h hi nhi
aisee
kya hau
delhi
delho
chale jao
pta *
bhagoo
any time
wbu
deta
dete
shared a contact
aap socho
manali
all ok
hhmmaahh
joking
canteen
aaj toh
buddhu
bbyy
mood
nae jaan
tb b
buddhe
khud ki
kl na
khud ko
? m
buddhi
hanii
after a long time
ha ha ok
chal ab so ja
bub ju
bed m
_
saro
nodu
om
ol
hm ?
oi
oh
og
of
oe
jeet
koi chkr ni
oa
rha tha
ow
acchiya ji
ou
urvashi
? *
mumu
garm
as always
aesa
jhoote
i love u alot
jhooth
purani
wahan
miss u a lot
niklu
yap
kithe ?
ummahh mera bby
bba
thik h chl
nikla
ahem ahem
mast hai
chali jaungi
reason ?
me 2
budu
keha
there
bs ok
ehe
i l u
bta dia
atach
phle hi
bol ja
krke
dekhinge
baitho
bhej de
even me
g ni
baitha
vapas
acha brr
i slept
oh fuck
iske liye
khbr
jalsa
umah
umar
tasty
uth ja
ohk boss
bahar se
itnaa
bol dia
phela
ok !!
kar lo
kar li
lod ni
pappi
idiot
kar le
pappa
cheater
yappa
gudni 8
pappu
mjse
bubu
hnna
hwa
hai kya
kya good
and say
kmini
hww
kmine
samjh jao
kmina
chal byy
megha
khana kha kr
wife
hnng
khana kha ke
haayee
bahrr
ya bby
all
ab mt bolna
ha do
chinese
go n sleep
ni bolo
alg
bapa
ale
pta
ha de
hmmb
abii
hmmg
hme
ha dr
hmmk
mje b
karu call
kaisi lgi
it's me
eevaa
raat ko
haan mere jaan
photo ?
sabkuch
btry
dekho kya hota h
sona
na kuch
song
far
mmuuhhaa mmuuhhaa
fav
achi ni h
ouch
na bolo
i love u so muchh
fan
sonu
kya bola ?
sony
l u
kaam h thoda
darling
ki aa
aap bataiye
hone de
chapli
apne aap hi
shweta
chapla
sai me
bas ji
by love u
tej
haay
tel
yaara
haap
haaq
haav
haaw
haat
haau
dhamki
haah
haai
smjhao
haao
haal
haab
dekhne ka
yaarr
acha lo
khaenge
rati
but q
hmm jan
hmm jao
uthao
sub
sua
sum
chali
ha ye b h
whaa
hm m
i love u so much
1 ko
are koi baat nhi
usk baad
mmuuaa mmuuaa
jati
jate
jata
hm b
fresh ho jao
tu pgl
kisi ki
ok kya
badhia
kaun si
chlte h
brkfast
nai hu
kaun kaun
kaun sa
tm kro
suddenly
ki mtlb
rko
rkh
sbi
love you forever
ane do
avu
prblm h
b *
shitt
check karo
yaha
aavse
kuch bolna h
yahi
hau ky
baitha hua hu
kyahua
net on h
ishu
wait a min
nonuu
avo
haa vahi
v
b h
soft
ri8
chalo babu
gm love
je baat
apne ghar
sach batao
aaho
m good
aahh
vaps
aahe
chalo badhiya h
oyr
aaha
oyo
i do
oyi
huuhh
ache lg rhe ho
chat theme
yedo
yedi
aashi
yede
yeda
okai
aashu
dekhna hai
accha chodo
short
jovo
bhondu
g m
gal suno
teko
nih chu mole
ha to kya
kya kya hua
shadi
isne
on aao
did u eat
milo na
sach bol raha hu
nantr
insaan
sale
m kha
kya hora
meko na
return
aane de
kahunu
so i said
party
kr lio
sunno n
aur kya ho rha h
lgra
kah ho
gagan
mt dena
weight
kaam ?
ye kya tha
lae
loli
lavde
loll
health
dono
thode din
lolz
ky hua ji
ab gn
naah naah
friday
guess
kaam h
ok go
lag
n yr
aur say
fer hun
kbki
aur sab
m huna
achha aapi
feel
kya sorry
bhak
fee aman allah
get well soon
bhat
bhap
feer
apna batao
bahar ka
avee
utaro
thanks a lot
koy
story
vdo call
naina
ata
aahaan
hangi
mera hero
ho gya kaam
gpp
kk kk
headache
nice name
hota
barobar
babu babu
hotel
call te
kar rahe ho
hmm theek hai
u tel
song h
bhyii
don't be
karoo
riyaa
kina
koshish kro
kini
ha kya
kinu
by kyu
nahi aayega
gudnit
no prblm
ajun kai
bolna hai
gaana
v gd
nahi hoga
gala
agayi
sugle
nahi hogi
gali
babu ji
muje lga
kl dena
u go
acha ruk
han darling
hmm shyd
yeahh
udya
ha promise
huhh
abhi kiya
jsn
aman
jsk
jst
75
aap kr lo
amar
me to
huhu
ok ok sindhu
kalya
good morning baba
meri maa
mucchi
lying
online aa
mt jaa
lay
oh cool
shanti se
ajun bol
gd bye
chote
mera bhai
hajaanu
bad boy
na kre
ji bby
su kam
ha sure
hmm ok babu
hm mm
ka pan
what he said
puchii
hia
hnnmm
reply
hai ni
him
baitha h
aab
i miss u jaan
barabr
ky bole
uummahh mera bby
ymm holo
mrzi h
mera bby
mohit
laao
ha fr
acha dekhte h
aru
isiliye bola
call aaya tha
tu aaja
aah
bara
ara
hmkk
bare
hmko
o hello
ari
hojayega
aau
no yar
km bol
do well
acha sona
ke liye
as expected
ki hai
jao loo g
kya hua bolo na
bibi
solo
khatam
hheheh
soly
c
dabba
nahao
no ways
aay
dekhti hu yr
kahi n
theek ae
dabbu
hamesha
got it
samjho
kahi b
aalo
aur kaise
sweet
wat else
rehndo
tga
ravi
nhi meri jaan
rehnde
bataao
aaja online
duh
ps
dekhne ke liye
java
chll
chlo
chumma
dhatt
dua
javo
chle
chummi
pc
aap k liye
pa
pg
pd
pe
ajeeb h
pk
dur
chlu
swt
dekhunga
pm
thk na
aive hi
kya naam h
ahaa
jaanaa
vandri
aboo
inna late
ans do
accha haan
aapne khaya
tujhse
kr to raha hu
rohan
oh accha ji
rii
pareshan mat ho
kr rha tha
missing you too
how are you feeling
msg se
no reply
muje nind aa rhi h
aga
haad hai
krte rho
koi jarurat nhi h
hoga kya
kaam tha
khaana kha liya
gdmrng jaan
h aa
haga
bhaiya ka
atcha
bhaiya ki
ji kyu
mujhe nhi sona
bghu
aur ab
bhala
aaja aaja
nathi
by lv u
miss u2
bhalu
pilla
aa aa
aavu
ajju
bahana
aave
why baby
plizz
aavo
aavi
rhegi
lavkar
unlimited
hello babu
kash
hen to
islea
kasa
jldi kr
mat aao
bahut busy ho
khayal
u have
chinnu
sunau
bhai ka
ignore
good morning beautiful
chinni
sunaa
ek vat kau
jaana
hhmm
bad me
nhi na yr
l-ol-ol-o
isley
play
hmm raval
understood
kaha chale gaye the
and *
mottii
haan ik
annu
dhakkan
dad came
sochungi
ab don t reply
boka
anni
aapko yaad
bye tata
to ab
love u mithi
boko
boki
anna
for *
ha thoda
dekha ?
juju
so much
ghar aa gaya
for ?
ky dekhu
kabhi
ahet
jaanu
aaram karo
yll
time nhi h
ahm
baapre
dekhda
barr
nothing to say 1
kdi
kya kaam
lgta
fast
hmm hnji
pee le
blkl
voi
pee li
or not
blo na
i miss u 2
clg la
krne h
nhi thik h
gd nini
aisaa
hayyee
naha li
ab dekha
reply de
arjun
bhai bhai
bakwaas
ruk ja
pdhle
meine
aree babu
swthrt
jhal
bhgg
or ha
sachme
kis k sath
blo baby
bhgo
din bhr
kn
bbuu
kl
kitchen m
hahaga
real wala
kamar
lvuhh
kahe ho
kkzz
drd
kamal
bye !
sabko
dala
dalo
dali
dalu
kya chahte ho
aisich
good night love
allah ka shukar hai
ky
dffr
8:15
a hafiz
jaisa
thik h sab
jaise
gr8
gndi
karma
bye j
gnda
gnde
i trust u
rehene do
kuch to bolo
eda
ede
hmm den
lalla
gana
jg
feb m
aap theek ho
gaali
lallu
aythu
then what
aaga
can't talk
lv u babu
gn babu
nai be
dekhti hun
kedi
ahhahh
keda
oye hoye
kya gud
tutn
face wash
aunty ji
masi
meri kasam ?
sasural
bikul
m hu n
de *
acha kaise
why re
pdega
phn kr
rakh
pdegi
all well
ummh
dekho babu
bde
bda
kyu pagal
bdi
aaj kal
urr
krio
bdy
grm grm
krra hu
sexo
hkk
hko
hkm
pagluu
baabuu
hmm kk g
pyara sa
metro
to bta
leaving
aur kon
bas kuch nhi
kada
yahi sab
sanga
ha hu
chal tc
apu
apk
api
apn
kurti
khati hu
10 mins
apa
ape
hadh h
pyari si
usa
&
okay good
abhi aai
padai ki
hotel me
ye b
sammuu
jnuu
so jaao
tharki
ab hua
sorr
tu hi
ha vhi
lage raho
jaannuu
hein
biwi ji
1 minit
ashi
topic
nai yr
ye *
bewkuf
chii
biscuit
proof
tat
tar
yaad nai
on kro
aaj jaldi
luko
something
or ji jaan
kalejuu
tu kya karega
tai
same same
sir
sit
boobs pe
sid
chro
sii
sim
tension
mereko
kuch bol
accha ruko
bataa
ahca
only for u
light
time hi nhi mila
batav
batau
aap bta do
likha h
kbi
mai bhi jaan
meh
kbr
owk
are nahi
i see
dhng se
muhaa
kuju se
byi
byd
bye
bya
ar batao
bablii
are bol
vhii
cover
pics bhej
complete
kapda
kapde
hmlog
bas bas
gugli
edit
pakau
billy
good morning babuu
muahaa
surat
i am missing you
ki bola
ni ki
billu
hanji motu
kya kar ra
ab kya ho gaya
oue
kholo
ouu
kya plan
okee
time paas
chuhiya
ka *
aata
ha n u
let me sleep
ab sona h
cha pidhi
ka ?
hmm yll
tikh hai
5bje
hann jaann ohk
ka ho
okkl
kaun
ak min
soe nhi
kaahe
ka g
bol bhi do
g
bore hora
i am busy
bsy h kya
ka h
mirchi
so jao ji
batao ab
ha bbe
ha bba
done ?
aapse baat
bhuk lagi
ttul
aapke bina
aise hi hota h
set
m *
potti
bola ki
jadi
dhundo
kl se
potty
love u jaanu ji
haan kk
gaya tha
kit gya
var
m n
m j
m h
good sona
kvi kvi
pagal aadmi
boring
mitha
u carry on
shilpa
hmm go
kl chutti h
ur kya
kuho
and i love you
betee
acche se jana
as in
shared a location
pitoge
kaika
which
aezu
asshole
kaiki
jldi uthna h
wha
muuhhaa
mri jaan
whn
who
whi
haajii
jaisa aap bolo
babbuu
why
kya dekh rahe ho
humesa
ja kr
gaii
kya nahi
bilkul bhi ni
dena
nops
dene
whatsup
batati hu
please
agreed
bhee
bklol
ki kya
pleasee
ab ho gya
chl ab soja
kahe ji
6000
samje
c *
paisa
i cannot
awwe
krlo krlo
paise
kaise ji
kyazi
sab ko
kaam karo
always welcome
aur bby
mahit aahe
13 ko
c u
iske
karke
(bad_egg1)
karko
jannat
ebe
unko
unki
to ??
ab to thik h
karto
khushboo
gunnite
kya sunu
haa bettu
ja rahe ho
g ha
bol de
haad h
dhoop
le aa
itna
ab chodo
bol du
madu
dlt
babu na
ohk then
jor
jou
jov
samajh gai
hutt
job
tuja
kitni roti
tujh
no means no
m ok
ha thik ba
haa sure
are bapre
itni dur
atleast
mwaah
ja raha h
ha jha ji
wale
majak tha
wala
hmm yaar
ssly
are to kya hua
hm2
walk
etna
kya hao
kya han
respect
chiken
khaao
ek *
hr jgh
see u jaan
aur chahiye
hindi
l u 2
doctor ko dikhao
bbu
hum to
hao ji
kisses
jo dil kre
hmeshaa
i kiss u
ka kar rahe ho
last
tame ?
hmb
ab nai
ab free h
vicky
pyar karo
u continue
hao thik
sunta hu
kuki
pta ni jaan
thuu
motii
kuchu
ok baka
sojao aap
just wait
avi
sorry ji
aarey
bade log
fir kya
aaya ?
naha lena
mag kay
walaikumassalam
ka hua
neend ?
theek ho jayega
hme kya pta
dheere
sb *
1 saal
har time
sugli
anything else
bilkl
babu suno
dlng
sugla
smje
body pain
baki sab
mtln
aaya m
bander
u say na
tcr
tcc
meri baat
chpu
ab khao
ki holo
sky
chpp
drpok
simple
aapke saath
i don't love u
sumne
olle
aachi h
know
rajasthan
press
kuch or
ha ja
kr tu
ha jo
bas kya
ha ji
javade
abse
zor zor se
ahes
aur ka
dekhliya
yes meri jaan
kdk
kde
merse
bs to
ok sojao
chale jana
h ek
at home
sab thik h na
has to
dekh lu
u r not
dekh li
kya krti h
ab sahi h
dekh la
u bol
not feeling well
ha bubu
bolra hu
kitnaa
hummaa
baat krni
puchku
baki h
hhehe
krlena
accha ?
asha
piku
accha !
only u
ashu
kuch to bol
kinda
bhapp
uhuu
choroo
miss call
brush
oww
haye haye
haa sa
ok love
g'night
okko
mis u 2
vah
vai
okkj
okki
okkh
appu
vaa
aaru
okka
na plzz
appi
kahi ki
matalb
aare
vat
aachi baat h
uss
apnaa
not good
we will
shanu
shant
kya kia aaj
neeche hu
lvu
madd
muwahh
mado
bck
jaldi bolo
hai babu
mat khao
kartu
aap *
cake
henaa
1 day
block
no doubt
anji
aditya
abboo
sure baby
nh to
me too babu
anju
so late
abhay
aap b
pillu
haa yll
ku bola
aap k
aap h
aap n
book
bool
axaa
what is it
mm kk
aabhi
by love you
bhaiya k sath
lagega
dhor
kya hua sona
tb kya
podi
pata nhi ji
kene
good n8
poda
ho hi nhi skta
bethi 6u
sahi bata
theak aa
UNK
